#
# A fatal error has been detected by the Java Runtime Environment:
#
#  SIGSEGV (0xb) at pc=0x000000010de92883, pid=4090, tid=259
#
# JRE version: OpenJDK Runtime Environment (17.0.2+8) (build 17.0.2+8-86)
# Java VM: OpenJDK 64-Bit Server VM (17.0.2+8-86, mixed mode, sharing, tiered, compressed oops, compressed class ptrs, g1 gc, bsd-amd64)
# Problematic frame:
# V  [libjvm.dylib+0x83b883]  _ZN13MethodHandles17expand_MemberNameE6HandleiP10JavaThread+0x293
#
# No core dump will be written. Core dumps have been disabled. To enable core dumping, try "ulimit -c unlimited" before starting Java again
#
# If you would like to submit a bug report, please visit:
#   https://bugreport.java.com/bugreport/crash.jsp
#

---------------  S U M M A R Y ------------

Command Line: -javaagent:/Applications/IntelliJ IDEA CE.app/Contents/lib/idea_rt.jar=59811:/Applications/IntelliJ IDEA CE.app/Contents/bin -Dfile.encoding=UTF-8 --module-path=/Users/mozamilsadat/.m2/repository/org/openjfx/javafx-fxml/17.0.1/javafx-fxml-17.0.1-mac.jar:/Users/mozamilsadat/Documents/Sayed Subhan Shah Sadat/target/classes:/Users/mozamilsadat/.m2/repository/org/openjfx/javafx-graphics/17.0.1/javafx-graphics-17.0.1-mac.jar:/Users/mozamilsadat/.m2/repository/org/controlsfx/controlsfx/11.1.0/controlsfx-11.1.0.jar:/Users/mozamilsadat/.m2/repository/net/synedra/validatorfx/0.1.13/validatorfx-0.1.13.jar:/Users/mozamilsadat/.m2/repository/org/openjfx/javafx-base/17.0.1/javafx-base-17.0.1-mac.jar:/Users/mozamilsadat/.m2/repository/org/kordamp/bootstrapfx/bootstrapfx-core/0.4.0/bootstrapfx-core-0.4.0.jar:/Users/mozamilsadat/.m2/repository/org/openjfx/javafx-controls/17.0.1/javafx-controls-17.0.1-mac.jar -Djdk.module.main=com.example.calculator com.example.calculator/com.example.calculator.HelloApplication

Host: "MacBookAir8,1" x86_64 1600 MHz, 4 cores, 8G, Darwin 21.3.0, macOS 12.2.1 (21D62)
Time: Sun Mar  6 23:52:33 2022 +0430 elapsed time: 5.775358 seconds (0d 0h 0m 5s)

---------------  T H R E A D  ---------------

Current thread (0x00007fa119809400):  JavaThread "JavaFX Application Thread" [_thread_in_vm, id=259, stack(0x00007ff7b3213000,0x00007ff7b3a13000)]

Stack: [0x00007ff7b3213000,0x00007ff7b3a13000],  sp=0x00007ff7b3a0d620,  free space=8169k
Native frames: (J=compiled Java code, j=interpreted, Vv=VM code, C=native code)
V  [libjvm.dylib+0x83b883]  _ZN13MethodHandles17expand_MemberNameE6HandleiP10JavaThread+0x293
V  [libjvm.dylib+0x83cb06]  MHN_expand_Mem+0x166
j  java.lang.invoke.MethodHandleNatives.expand(Ljava/lang/invoke/MemberName;)V+0 java.base@17.0.2
J 138 c1 java.lang.invoke.MemberName.getMethodType()Ljava/lang/invoke/MethodType; java.base@17.0.2 (211 bytes) @ 0x000000011734740c [0x0000000117347200+0x000000000000020c]
J 616 c1 java.lang.invoke.MemberName.checkForTypeAlias(Ljava/lang/Class;)V java.base@17.0.2 (172 bytes) @ 0x00000001173f04fc [0x00000001173f0080+0x000000000000047c]
J 461 c1 java.lang.invoke.MemberName$Factory.resolve(BLjava/lang/invoke/MemberName;Ljava/lang/Class;IZ)Ljava/lang/invoke/MemberName; java.base@17.0.2 (159 bytes) @ 0x00000001173b8af4 [0x00000001173b8840+0x00000000000002b4]
J 724 c1 java.lang.invoke.MemberName$Factory.resolveOrFail(BLjava/lang/invoke/MemberName;Ljava/lang/Class;ILjava/lang/Class;)Ljava/lang/invoke/MemberName; java.base@17.0.2 (79 bytes) @ 0x000000011743432c [0x00000001174342a0+0x000000000000008c]
j  java.lang.invoke.DirectMethodHandle.makePreparedLambdaForm(Ljava/lang/invoke/MethodType;I)Ljava/lang/invoke/LambdaForm;+330 java.base@17.0.2
j  java.lang.invoke.DirectMethodHandle.preparedLambdaForm(Ljava/lang/invoke/MethodType;I)Ljava/lang/invoke/LambdaForm;+17 java.base@17.0.2
j  java.lang.invoke.DirectMethodHandle.preparedLambdaForm(Ljava/lang/invoke/MemberName;Z)Ljava/lang/invoke/LambdaForm;+159 java.base@17.0.2
j  java.lang.invoke.DirectMethodHandle.preparedLambdaForm(Ljava/lang/invoke/MemberName;)Ljava/lang/invoke/LambdaForm;+2 java.base@17.0.2
j  java.lang.invoke.DirectMethodHandle.make(BLjava/lang/Class;Ljava/lang/invoke/MemberName;Ljava/lang/Class;)Ljava/lang/invoke/DirectMethodHandle;+163 java.base@17.0.2
j  java.lang.invoke.MethodHandles$Lookup.getDirectMethodCommon(BLjava/lang/Class;Ljava/lang/invoke/MemberName;ZZLjava/lang/invoke/MethodHandles$Lookup;)Ljava/lang/invoke/MethodHandle;+210 java.base@17.0.2
j  java.lang.invoke.MethodHandles$Lookup.getDirectMethodNoSecurityManager(BLjava/lang/Class;Ljava/lang/invoke/MemberName;Ljava/lang/invoke/MethodHandles$Lookup;)Ljava/lang/invoke/MethodHandle;+14 java.base@17.0.2
j  java.lang.invoke.MethodHandles$Lookup.getDirectMethodForConstant(BLjava/lang/Class;Ljava/lang/invoke/MemberName;)Ljava/lang/invoke/MethodHandle;+31 java.base@17.0.2
j  java.lang.invoke.MethodHandles$Lookup.linkMethodHandleConstant(BLjava/lang/Class;Ljava/lang/String;Ljava/lang/Object;)Ljava/lang/invoke/MethodHandle;+153 java.base@17.0.2
j  java.lang.invoke.MethodHandleNatives.linkMethodHandleConstant(Ljava/lang/Class;ILjava/lang/Class;Ljava/lang/String;Ljava/lang/Object;)Ljava/lang/invoke/MethodHandle;+38 java.base@17.0.2
v  ~StubRoutines::call_stub
V  [libjvm.dylib+0x506501]  _ZN9JavaCalls11call_helperEP9JavaValueRK12methodHandleP17JavaCallArgumentsP10JavaThread+0x2a1
V  [libjvm.dylib+0x505bc1]  _ZN9JavaCalls11call_staticEP9JavaValueP5KlassP6SymbolS5_P17JavaCallArgumentsP10JavaThread+0x111
V  [libjvm.dylib+0x9b650f]  _ZN16SystemDictionary27link_method_handle_constantEP5KlassiS1_P6SymbolS3_P10JavaThread+0x3ef
V  [libjvm.dylib+0x341f42]  _ZN12ConstantPool24resolve_constant_at_implERK18constantPoolHandleiiPbP10JavaThread+0x912
V  [libjvm.dylib+0x3423a8]  _ZN12ConstantPool32copy_bootstrap_arguments_at_implERK18constantPoolHandleiii14objArrayHandleib6HandleP10JavaThread+0x1b8
V  [libjvm.dylib+0x1c8796]  _ZN13BootstrapInfo12resolve_argsEP10JavaThread+0x486
V  [libjvm.dylib+0x1c826c]  _ZN13BootstrapInfo11resolve_bsmEP10JavaThread+0x26c
V  [libjvm.dylib+0x9b65bd]  _ZN16SystemDictionary23invoke_bootstrap_methodER13BootstrapInfoP10JavaThread+0x2d
V  [libjvm.dylib+0x71947e]  _ZN12LinkResolver20resolve_dynamic_callER8CallInfoR13BootstrapInfoP10JavaThread+0x1e
V  [libjvm.dylib+0x718e80]  _ZN12LinkResolver21resolve_invokedynamicER8CallInfoRK18constantPoolHandleiP10JavaThread+0x80
V  [libjvm.dylib+0x4fffa4]  _ZN18InterpreterRuntime21resolve_invokedynamicEP10JavaThread+0x174
V  [libjvm.dylib+0x500087]  _ZN18InterpreterRuntime18resolve_from_cacheEP10JavaThreadN9Bytecodes4CodeE+0x77
j  com.sun.javafx.tk.quantum.QuantumRenderer.createResourceFactory()V+16 javafx.graphics
j  com.sun.javafx.tk.quantum.QuantumToolkit.runToolkit()V+40 javafx.graphics
j  com.sun.javafx.tk.quantum.QuantumToolkit.lambda$startup$10()V+1 javafx.graphics
j  com.sun.javafx.tk.quantum.QuantumToolkit$$Lambda$98+0x0000000800c2b988.run()V+4 javafx.graphics
j  com.sun.glass.ui.Application.lambda$run$1(Ljava/lang/Runnable;)V+4 javafx.graphics
j  com.sun.glass.ui.Application$$Lambda$103+0x0000000800c308f0.run()V+4 javafx.graphics
j  com.sun.glass.ui.mac.MacApplication.lambda$runLoop$3(Ljava/lang/Runnable;)V+12 javafx.graphics
j  com.sun.glass.ui.mac.MacApplication$$Lambda$104+0x0000000800c30b18.run()V+8 javafx.graphics
v  ~StubRoutines::call_stub
V  [libjvm.dylib+0x506501]  _ZN9JavaCalls11call_helperEP9JavaValueRK12methodHandleP17JavaCallArgumentsP10JavaThread+0x2a1
V  [libjvm.dylib+0x55fe96]  _ZL20jni_invoke_nonstaticP7JNIEnv_P9JavaValueP8_jobject11JNICallTypeP10_jmethodIDP18JNI_ArgumentPusherP10JavaThread+0x2d6
V  [libjvm.dylib+0x564376]  jni_CallVoidMethod+0x1a6
C  [libglass.dylib+0x8582]  -[GlassApplication applicationWillFinishLaunching:]+0x192
C  [CoreFoundation+0x75f23]  __CFNOTIFICATIONCENTER_IS_CALLING_OUT_TO_AN_OBSERVER__+0xc
C  [CoreFoundation+0x1133f9]  ___CFXRegistrationPost_block_invoke+0x31
C  [CoreFoundation+0x113376]  _CFXRegistrationPost+0x1f0
C  [CoreFoundation+0x47836]  _CFXNotificationPost+0x2dd
C  [Foundation+0x91be]  -[NSNotificationCenter postNotificationName:object:userInfo:]+0x52
C  [AppKit+0x2fbbf]  -[NSApplication finishLaunching]+0x146
C  [AppKit+0x2f7c9]  -[NSApplication run]+0xfa
C  [libglass.dylib+0xa2a5]  -[GlassApplication runLoop:]+0x795
C  [Foundation+0x80b03]  __NSThreadPerformPerform+0xb3
C  [CoreFoundation+0x808fd]  __CFRUNLOOP_IS_CALLING_OUT_TO_A_SOURCE0_PERFORM_FUNCTION__+0x11
C  [CoreFoundation+0x80865]  __CFRunLoopDoSource0+0xb4
C  [CoreFoundation+0x805e4]  __CFRunLoopDoSources0+0xf2
C  [CoreFoundation+0x7f01b]  __CFRunLoopRun+0x37d
C  [CoreFoundation+0x7e5dd]  CFRunLoopRunSpecific+0x233
C  [libjli.dylib+0x70b2]  CreateExecutionEnvironment+0x182
C  [libjli.dylib+0x2c15]  JLI_Launch+0x585
C  [java+0x3c11]  main+0x191
C  0x000000010f56b4fe

Java frames: (J=compiled Java code, j=interpreted, Vv=VM code)
j  java.lang.invoke.MethodHandleNatives.expand(Ljava/lang/invoke/MemberName;)V+0 java.base@17.0.2
J 138 c1 java.lang.invoke.MemberName.getMethodType()Ljava/lang/invoke/MethodType; java.base@17.0.2 (211 bytes) @ 0x000000011734740c [0x0000000117347200+0x000000000000020c]
J 616 c1 java.lang.invoke.MemberName.checkForTypeAlias(Ljava/lang/Class;)V java.base@17.0.2 (172 bytes) @ 0x00000001173f04fc [0x00000001173f0080+0x000000000000047c]
J 461 c1 java.lang.invoke.MemberName$Factory.resolve(BLjava/lang/invoke/MemberName;Ljava/lang/Class;IZ)Ljava/lang/invoke/MemberName; java.base@17.0.2 (159 bytes) @ 0x00000001173b8af4 [0x00000001173b8840+0x00000000000002b4]
J 724 c1 java.lang.invoke.MemberName$Factory.resolveOrFail(BLjava/lang/invoke/MemberName;Ljava/lang/Class;ILjava/lang/Class;)Ljava/lang/invoke/MemberName; java.base@17.0.2 (79 bytes) @ 0x000000011743432c [0x00000001174342a0+0x000000000000008c]
j  java.lang.invoke.DirectMethodHandle.makePreparedLambdaForm(Ljava/lang/invoke/MethodType;I)Ljava/lang/invoke/LambdaForm;+330 java.base@17.0.2
j  java.lang.invoke.DirectMethodHandle.preparedLambdaForm(Ljava/lang/invoke/MethodType;I)Ljava/lang/invoke/LambdaForm;+17 java.base@17.0.2
j  java.lang.invoke.DirectMethodHandle.preparedLambdaForm(Ljava/lang/invoke/MemberName;Z)Ljava/lang/invoke/LambdaForm;+159 java.base@17.0.2
j  java.lang.invoke.DirectMethodHandle.preparedLambdaForm(Ljava/lang/invoke/MemberName;)Ljava/lang/invoke/LambdaForm;+2 java.base@17.0.2
j  java.lang.invoke.DirectMethodHandle.make(BLjava/lang/Class;Ljava/lang/invoke/MemberName;Ljava/lang/Class;)Ljava/lang/invoke/DirectMethodHandle;+163 java.base@17.0.2
j  java.lang.invoke.MethodHandles$Lookup.getDirectMethodCommon(BLjava/lang/Class;Ljava/lang/invoke/MemberName;ZZLjava/lang/invoke/MethodHandles$Lookup;)Ljava/lang/invoke/MethodHandle;+210 java.base@17.0.2
j  java.lang.invoke.MethodHandles$Lookup.getDirectMethodNoSecurityManager(BLjava/lang/Class;Ljava/lang/invoke/MemberName;Ljava/lang/invoke/MethodHandles$Lookup;)Ljava/lang/invoke/MethodHandle;+14 java.base@17.0.2
j  java.lang.invoke.MethodHandles$Lookup.getDirectMethodForConstant(BLjava/lang/Class;Ljava/lang/invoke/MemberName;)Ljava/lang/invoke/MethodHandle;+31 java.base@17.0.2
j  java.lang.invoke.MethodHandles$Lookup.linkMethodHandleConstant(BLjava/lang/Class;Ljava/lang/String;Ljava/lang/Object;)Ljava/lang/invoke/MethodHandle;+153 java.base@17.0.2
j  java.lang.invoke.MethodHandleNatives.linkMethodHandleConstant(Ljava/lang/Class;ILjava/lang/Class;Ljava/lang/String;Ljava/lang/Object;)Ljava/lang/invoke/MethodHandle;+38 java.base@17.0.2
v  ~StubRoutines::call_stub
j  com.sun.javafx.tk.quantum.QuantumRenderer.createResourceFactory()V+16 javafx.graphics
j  com.sun.javafx.tk.quantum.QuantumToolkit.runToolkit()V+40 javafx.graphics
j  com.sun.javafx.tk.quantum.QuantumToolkit.lambda$startup$10()V+1 javafx.graphics
j  com.sun.javafx.tk.quantum.QuantumToolkit$$Lambda$98+0x0000000800c2b988.run()V+4 javafx.graphics
j  com.sun.glass.ui.Application.lambda$run$1(Ljava/lang/Runnable;)V+4 javafx.graphics
j  com.sun.glass.ui.Application$$Lambda$103+0x0000000800c308f0.run()V+4 javafx.graphics
j  com.sun.glass.ui.mac.MacApplication.lambda$runLoop$3(Ljava/lang/Runnable;)V+12 javafx.graphics
j  com.sun.glass.ui.mac.MacApplication$$Lambda$104+0x0000000800c30b18.run()V+8 javafx.graphics
v  ~StubRoutines::call_stub

siginfo: si_signo: 11 (SIGSEGV), si_code: 1 (SEGV_MAPERR), si_addr: 0x0000000000000006

Register to memory mapping:

RAX=0xfffffffffffffffe is an unknown value
RBX=0x0000600003f314e0 points into unknown readable memory: 0x0000001e00000009 | 09 00 00 00 1e 00 00 00
RCX=0x0000000000000008 is an unknown value
RDX=4041615420 is a compressed pointer to object: java.lang.invoke.ResolvedMethodName 
{0x00000007873141e0} - klass: 'java/lang/invoke/ResolvedMethodName'
 - ---- fields (total size 3 words):
RSP=0x00007ff7b3a0d620 is pointing into the stack for thread: 0x00007fa119809400
RBP=0x00007ff7b3a0d680 is pointing into the stack for thread: 0x00007fa119809400
RSI=0x0000000000000008 is an unknown value
RDI=0x00000007873141e0 is an oop: java.lang.invoke.ResolvedMethodName 
{0x00000007873141e0} - klass: 'java/lang/invoke/ResolvedMethodName'
 - ---- fields (total size 3 words):
R8 =0x00000000001fd6d2 is an unknown value
R9 =0xffffffff00000000 is an unknown value
R10=0x0000000116d9a50b is at code_begin+843 in an Interpreter codelet
method entry point (kind = native)  [0x0000000116d9a1c0, 0x0000000116d9aa20]  2144 bytes
R11=0x00000007ffe06050 is an oop: java.lang.Class 
{0x00000007ffe06050} - klass: 'java/lang/Class'
 - ---- fields (total size 15 words):
 - private volatile transient 'classRedefinedCount' 'I' @12  0
 - private volatile transient 'cachedConstructor' 'Ljava/lang/reflect/Constructor;' @40  NULL (0)
 - private transient 'name' 'Ljava/lang/String;' @44  NULL (0)
 - private transient 'module' 'Ljava/lang/Module;' @48  a 'java/lang/Module'{0x0000000787f33a58} (f0fe674b)
 - private final 'classLoader' 'Ljava/lang/ClassLoader;' @52  NULL (0)
 - private transient 'classData' 'Ljava/lang/Object;' @56  NULL (0)
 - private transient 'packageName' 'Ljava/lang/String;' @60  NULL (0)
 - private final 'componentType' 'Ljava/lang/Class;' @64  NULL (0)
 - private volatile transient 'reflectionData' 'Ljava/lang/ref/SoftReference;' @68  NULL (0)
 - private volatile transient 'genericInfo' 'Lsun/reflect/generics/repository/ClassRepository;' @72  NULL (0)
 - private volatile transient 'enumConstants' '[Ljava/lang/Object;' @76  NULL (0)
 - private volatile transient 'enumConstantDirectory' 'Ljava/util/Map;' @80  NULL (0)
 - private volatile transient 'annotationData' 'Ljava/lang/Class$AnnotationData;' @84  NULL (0)
 - private volatile transient 'annotationType' 'Lsun/reflect/annotation/AnnotationType;' @88  NULL (0)
 - transient 'classValueMap' 'Ljava/lang/ClassValue$ClassValueMap;' @92  NULL (0)
 - signature: Ljava/lang/invoke/MethodHandleNatives;
 - fake entry for mirror: 'java/lang/invoke/MethodHandleNatives'
 - fake entry for array: NULL
 - fake entry for oop_size: 15
 - fake entry for static_oop_field_count: 1
 - private static final 'JLA' 'Ljdk/internal/access/JavaLangAccess;' @112  a 'java/lang/System$2'{0x0000000787f03130} (f0fe0626)
 - static final synthetic '$assertionsDisabled' 'Z' @116  true
R12=0x00007fa119809400 is a thread
R13=0x00006000000744a0 points into unknown readable memory: 0x00000007873141e0 | e0 41 31 87 07 00 00 00
R14=0xfffffffffffffffe is an unknown value
R15=0x00000007ffe05b01 is pointing into object: [Ljava.lang.Object; 
{0x00000007ffe05a90} - klass: 'java/lang/Object'[]
 - length: 27


Registers:
RAX=0xfffffffffffffffe, RBX=0x0000600003f314e0, RCX=0x0000000000000008, RDX=0x00000000f0e6283c
RSP=0x00007ff7b3a0d620, RBP=0x00007ff7b3a0d680, RSI=0x0000000000000008, RDI=0x00000007873141e0
R8 =0x00000000001fd6d2, R9 =0xffffffff00000000, R10=0x0000000116d9a50b, R11=0x00000007ffe06050
R12=0x00007fa119809400, R13=0x00006000000744a0, R14=0xfffffffffffffffe, R15=0x00000007ffe05b01
RIP=0x000000010de92883, EFLAGS=0x0000000000010246, ERR=0x0000000000000004
  TRAPNO=0x000000000000000e

Top of Stack: (sp=0x00007ff7b3a0d620)
0x00007ff7b3a0d620:   00006000000744a0 0000000000000000
0x00007ff7b3a0d630:   00007fa119809400 fffffffffffffffe
0x00007ff7b3a0d640:   00007fa119809400 00000008006cf2b8
0x00007ff7b3a0d650:   00000007ffe05b00 00000008000dcdb0
0x00007ff7b3a0d660:   00007fa119809400 00000008006cf2b8
0x00007ff7b3a0d670:   00000007873141e0 0000600002a7f640
0x00007ff7b3a0d680:   00007ff7b3a0d6b0 000000010de93b06
0x00007ff7b3a0d690:   00000008000dcdb0 0000000000000000
0x00007ff7b3a0d6a0:   00007ff7b3a0d738 00007fa119809400
0x00007ff7b3a0d6b0:   00007ff7b3a0d718 0000000116d9a53a
0x00007ff7b3a0d6c0:   00000000cc4a7567 0000000116d9a276
0x00007ff7b3a0d6d0:   00007ff7b3a0d6d0 00000008006cf2b8
0x00007ff7b3a0d6e0:   00007ff7b3a0d738 00000008000db108
0x00007ff7b3a0d6f0:   0000000000000000 00000007ffe06050
0x00007ff7b3a0d700:   00000008000dcdb0 0000000000000000
0x00007ff7b3a0d710:   00007ff7b3a0d740 00007ff7b3a0da88
0x00007ff7b3a0d720:   000000011734740c 00000007ffe06050
0x00007ff7b3a0d730:   0000000116d97f78 00000007873141e0
0x00007ff7b3a0d740:   00007ff7b3a0d830 000000010de9206d
0x00007ff7b3a0d750:   00007ff7b3a0d760 ffffffff0e052b05
0x00007ff7b3a0d760:   00007fa119809400 00007ff7b3a0d8b0
0x00007ff7b3a0d770:   00007ff7b3a0da10 0000000000000000
0x00007ff7b3a0d780:   00000000cc4a7567 000000010e2ce150
0x00007ff7b3a0d790:   ffffffff00000000 000000010e909ce0
0x00007ff7b3a0d7a0:   00000007873141e0 00000007873141e0
0x00007ff7b3a0d7b0:   00007ff7b3a0d7f0 00000007873141e0
0x00007ff7b3a0d7c0:   00000008000d9710 00000007ffe05bf8
0x00007ff7b3a0d7d0:   0000000000000001 0000000117347220
0x00007ff7b3a0d7e0:   00007fa117909e20 0000000000000202
0x00007ff7b3a0d7f0:   00007ff7b3a0da88 00000001173f04fc
0x00007ff7b3a0d800:   00006000000743c0 00007fa119809400
0x00007ff7b3a0d810:   00007ff7b3a0d830 000000010d7b11d8 

Instructions: (pc=0x000000010de92883)
0x000000010de92783:   00 00 00 ff 15 84 2b 42 00 48 89 c6 e9 d9 00 00
0x000000010de92793:   00 48 8b 45 a0 48 85 c0 88 4d d0 45 89 f4 74 72
0x000000010de927a3:   49 89 c7 48 8b 38 e8 a2 37 cd ff 48 85 c0 74 71
0x000000010de927b3:   48 8d 0d a6 40 46 00 8b 31 48 89 c7 e8 4c b5 03
0x000000010de927c3:   00 49 89 c6 4d 85 ff 0f 84 ea 00 00 00 4d 89 fd
0x000000010de927d3:   49 8b 3f e9 e4 00 00 00 31 ff e8 ce 33 cd ff 48
0x000000010de927e3:   85 c0 4c 8b 65 b0 0f 85 30 ff ff ff 48 8d 05 fa
0x000000010de927f3:   8b 47 00 48 8b 88 38 04 00 00 48 8d 35 89 4a 2f
0x000000010de92803:   00 4c 8d 05 61 4c 2f 00 4c 89 e7 ba 70 03 00 00
0x000000010de92813:   eb 34 49 89 c7 31 ff e8 31 37 cd ff 48 85 c0 75
0x000000010de92823:   8f 48 8d 05 c5 8b 47 00 48 8b 88 38 04 00 00 48
0x000000010de92833:   8d 35 54 4a 2f 00 4c 8d 05 3e 4c 2f 00 48 8b 7d
0x000000010de92843:   b0 ba 87 03 00 00 48 83 c4 38 5b 41 5c 41 5d 41
0x000000010de92853:   5e 41 5f 5d e9 e4 5f ba ff 31 db 48 8b 78 70 48
0x000000010de92863:   85 ff 0f 85 1b ff ff ff 31 f6 48 89 df e8 cb 5d
0x000000010de92873:   cd ff 80 7d a8 00 0f 85 2c 01 00 00 48 8b 45 b8
0x000000010de92883:   48 8b 40 08 48 8b 48 08 0f b7 40 22 48 8b 7c c1
0x000000010de92893:   48 4c 89 e6 e8 f4 6d 11 00 49 83 7c 24 08 00 0f
0x000000010de928a3:   85 4c 01 00 00 4d 85 ed 0f 84 f0 00 00 00 49 8b
0x000000010de928b3:   7d 00 e9 e9 00 00 00 4d 89 fd 31 ff e8 8c 5e cd
0x000000010de928c3:   ff 83 e3 08 c1 eb 03 c7 45 b8 00 00 00 00 4c 8d
0x000000010de928d3:   7d c0 48 c7 45 c0 00 00 00 00 48 c7 45 c8 00 00
0x000000010de928e3:   00 00 48 8d 4d b8 4c 89 f7 89 c6 89 da e8 1b 9c
0x000000010de928f3:   ca ff 84 c0 74 74 45 84 e4 4c 8b 75 b0 0f 85 10
0x000000010de92903:   01 00 00 48 8b 45 c0 48 8b 48 18 48 63 55 bc 48
0x000000010de92913:   8b 89 c8 01 00 00 48 8d 14 52 0f b7 74 91 06 0f
0x000000010de92923:   b7 4c 91 04 48 8d 14 f5 00 00 00 00 48 03 15 02
0x000000010de92933:   08 36 00 f7 c1 00 04 00 00 48 8d 44 f0 48 48 0f
0x000000010de92943:   45 c2 48 8b 38 4c 89 f6 e8 40 6d 11 00 49 83 7e
0x000000010de92953:   08 00 0f 85 59 02 00 00 4d 85 ed 0f 84 a8 00 00
0x000000010de92963:   00 49 8b 7d 00 e9 a1 00 00 00 4c 89 ff e8 3b a6
0x000000010de92973:   c6 ff 48 8d 05 74 8a 47 00 48 8b 88 28 05 00 00 


Stack slot to memory mapping:
stack at sp + 0 slots: 0x00006000000744a0 points into unknown readable memory: 0x00000007873141e0 | e0 41 31 87 07 00 00 00
stack at sp + 1 slots: 0x0 is NULL
stack at sp + 2 slots: 0x00007fa119809400 is a thread
stack at sp + 3 slots: 0xfffffffffffffffe is an unknown value
stack at sp + 4 slots: 0x00007fa119809400 is a thread
stack at sp + 5 slots: 0x00000008006cf2b8 is pointing into metadata
stack at sp + 6 slots: 0x00000007ffe05b00 is pointing into object: [Ljava.lang.Object; 
{0x00000007ffe05a90} - klass: 'java/lang/Object'[]
 - length: 27
stack at sp + 7 slots: {method} {0x00000008000dcdb0} 'expand' '(Ljava/lang/invoke/MemberName;)V' in 'java/lang/invoke/MethodHandleNatives'


---------------  P R O C E S S  ---------------

Threads class SMR info:
_java_thread_list=0x0000600003f20840, length=16, elements={
0x00007fa117808600, 0x00007fa11785e200, 0x00007fa117068600, 0x00007fa117066400,
0x00007fa117066a00, 0x00007fa11785f800, 0x00007fa117864400, 0x00007fa117067000,
0x00007fa11880a200, 0x00007fa117068000, 0x00007fa117075200, 0x00007fa11880e000,
0x00007fa117808c00, 0x00007fa11980ce00, 0x00007fa117a65000, 0x00007fa119809400
}

Java Threads: ( => current thread )
  0x00007fa117808600 JavaThread "main" [_thread_blocked, id=6659, stack(0x000070000c878000,0x000070000c978000)]
  0x00007fa11785e200 JavaThread "Reference Handler" daemon [_thread_blocked, id=16131, stack(0x000070000cf8d000,0x000070000d08d000)]
  0x00007fa117068600 JavaThread "Finalizer" daemon [_thread_blocked, id=15107, stack(0x000070000d090000,0x000070000d190000)]
  0x00007fa117066400 JavaThread "Signal Dispatcher" daemon [_thread_blocked, id=42499, stack(0x000070000d299000,0x000070000d399000)]
  0x00007fa117066a00 JavaThread "Service Thread" daemon [_thread_blocked, id=23043, stack(0x000070000d39c000,0x000070000d49c000)]
  0x00007fa11785f800 JavaThread "Monitor Deflation Thread" daemon [_thread_blocked, id=41731, stack(0x000070000d49f000,0x000070000d59f000)]
  0x00007fa117864400 JavaThread "C2 CompilerThread0" daemon [_thread_blocked, id=41475, stack(0x000070000d5a2000,0x000070000d6a2000)]
  0x00007fa117067000 JavaThread "C1 CompilerThread0" daemon [_thread_blocked, id=40963, stack(0x000070000d6a5000,0x000070000d7a5000)]
  0x00007fa11880a200 JavaThread "Sweeper thread" daemon [_thread_blocked, id=40707, stack(0x000070000d7a8000,0x000070000d8a8000)]
  0x00007fa117068000 JavaThread "Common-Cleaner" daemon [_thread_blocked, id=24067, stack(0x000070000d8ab000,0x000070000d9ab000)]
  0x00007fa117075200 JavaThread "Monitor Ctrl-Break" daemon [_thread_in_native, id=40195, stack(0x000070000d9ae000,0x000070000daae000)]
  0x00007fa11880e000 JavaThread "Notification Thread" daemon [_thread_blocked, id=24323, stack(0x000070000dab1000,0x000070000dbb1000)]
  0x00007fa117808c00 JavaThread "Attach Listener" daemon [_thread_blocked, id=24835, stack(0x000070000dcb7000,0x000070000ddb7000)]
  0x00007fa11980ce00 JavaThread "QuantumRenderer-0" daemon [_thread_blocked, id=38915, stack(0x000070000ddba000,0x000070000deba000)]
  0x00007fa117a65000 JavaThread "InvokeLaterDispatcher" daemon [_thread_blocked, id=27399, stack(0x000070000debd000,0x000070000dfbd000)]
=>0x00007fa119809400 JavaThread "JavaFX Application Thread" [_thread_in_vm, id=259, stack(0x00007ff7b3213000,0x00007ff7b3a13000)]

Other Threads:
  0x00007fa116f0b200 VMThread "VM Thread" [stack: 0x000070000ce8a000,0x000070000cf8a000] [id=16643]
  0x00007fa1180165b0 WatcherThread [stack: 0x000070000dbb4000,0x000070000dcb4000] [id=39683]
  0x00007fa118004b70 GCTaskThread "GC Thread#0" [stack: 0x000070000c97b000,0x000070000ca7b000] [id=19459]
  0x00007fa118005210 ConcurrentGCThread "G1 Main Marker" [stack: 0x000070000ca7e000,0x000070000cb7e000] [id=18947]
  0x00007fa116f07eb0 ConcurrentGCThread "G1 Conc#0" [stack: 0x000070000cb81000,0x000070000cc81000] [id=12291]
  0x00007fa118005a90 ConcurrentGCThread "G1 Refine#0" [stack: 0x000070000cc84000,0x000070000cd84000] [id=12803]
  0x00007fa118104d00 ConcurrentGCThread "G1 Service" [stack: 0x000070000cd87000,0x000070000ce87000] [id=17667]

Threads with active compile tasks:

VM state: not at safepoint (normal execution)

VM Mutex/Monitor currently owned by a thread: None

Heap address: 0x0000000780000000, size: 2048 MB, Compressed Oops mode: Zero based, Oop shift amount: 3

CDS archive(s) mapped at: [0x0000000800000000-0x0000000800bd4000-0x0000000800bd4000), size 12402688, SharedBaseAddress: 0x0000000800000000, ArchiveRelocationMode: 0.
Compressed class space mapped at: 0x0000000800c00000-0x0000000840c00000, reserved size: 1073741824
Narrow klass base: 0x0000000800000000, Narrow klass shift: 0, Narrow klass range: 0x100000000

GC Precious Log:
 CPUs: 4 total, 4 available
 Memory: 8192M
 Large Page Support: Disabled
 NUMA Support: Disabled
 Compressed Oops: Enabled (Zero based)
 Heap Region Size: 1M
 Heap Min Capacity: 8M
 Heap Initial Capacity: 128M
 Heap Max Capacity: 2G
 Pre-touch: Disabled
 Parallel Workers: 4
 Concurrent Workers: 1
 Concurrent Refinement Workers: 4
 Periodic GC: Disabled

Heap:
 garbage-first heap   total 133120K, used 13268K [0x0000000780000000, 0x0000000800000000)
  region size 1024K, 13 young (13312K), 0 survivors (0K)
 Metaspace       used 3574K, committed 3776K, reserved 1056768K
  class space    used 390K, committed 512K, reserved 1048576K

Heap Regions: E=young(eden), S=young(survivor), O=old, HS=humongous(starts), HC=humongous(continues), CS=collection set, F=free, OA=open archive, CA=closed archive, TAMS=top-at-mark-start (previous, next)
|   0|0x0000000780000000, 0x0000000780000000, 0x0000000780100000|  0%| F|  |TAMS 0x0000000780000000, 0x0000000780000000| Untracked 
|   1|0x0000000780100000, 0x0000000780100000, 0x0000000780200000|  0%| F|  |TAMS 0x0000000780100000, 0x0000000780100000| Untracked 
|   2|0x0000000780200000, 0x0000000780200000, 0x0000000780300000|  0%| F|  |TAMS 0x0000000780200000, 0x0000000780200000| Untracked 
|   3|0x0000000780300000, 0x0000000780300000, 0x0000000780400000|  0%| F|  |TAMS 0x0000000780300000, 0x0000000780300000| Untracked 
|   4|0x0000000780400000, 0x0000000780400000, 0x0000000780500000|  0%| F|  |TAMS 0x0000000780400000, 0x0000000780400000| Untracked 
|   5|0x0000000780500000, 0x0000000780500000, 0x0000000780600000|  0%| F|  |TAMS 0x0000000780500000, 0x0000000780500000| Untracked 
|   6|0x0000000780600000, 0x0000000780600000, 0x0000000780700000|  0%| F|  |TAMS 0x0000000780600000, 0x0000000780600000| Untracked 
|   7|0x0000000780700000, 0x0000000780700000, 0x0000000780800000|  0%| F|  |TAMS 0x0000000780700000, 0x0000000780700000| Untracked 
|   8|0x0000000780800000, 0x0000000780800000, 0x0000000780900000|  0%| F|  |TAMS 0x0000000780800000, 0x0000000780800000| Untracked 
|   9|0x0000000780900000, 0x0000000780900000, 0x0000000780a00000|  0%| F|  |TAMS 0x0000000780900000, 0x0000000780900000| Untracked 
|  10|0x0000000780a00000, 0x0000000780a00000, 0x0000000780b00000|  0%| F|  |TAMS 0x0000000780a00000, 0x0000000780a00000| Untracked 
|  11|0x0000000780b00000, 0x0000000780b00000, 0x0000000780c00000|  0%| F|  |TAMS 0x0000000780b00000, 0x0000000780b00000| Untracked 
|  12|0x0000000780c00000, 0x0000000780c00000, 0x0000000780d00000|  0%| F|  |TAMS 0x0000000780c00000, 0x0000000780c00000| Untracked 
|  13|0x0000000780d00000, 0x0000000780d00000, 0x0000000780e00000|  0%| F|  |TAMS 0x0000000780d00000, 0x0000000780d00000| Untracked 
|  14|0x0000000780e00000, 0x0000000780e00000, 0x0000000780f00000|  0%| F|  |TAMS 0x0000000780e00000, 0x0000000780e00000| Untracked 
|  15|0x0000000780f00000, 0x0000000780f00000, 0x0000000781000000|  0%| F|  |TAMS 0x0000000780f00000, 0x0000000780f00000| Untracked 
|  16|0x0000000781000000, 0x0000000781000000, 0x0000000781100000|  0%| F|  |TAMS 0x0000000781000000, 0x0000000781000000| Untracked 
|  17|0x0000000781100000, 0x0000000781100000, 0x0000000781200000|  0%| F|  |TAMS 0x0000000781100000, 0x0000000781100000| Untracked 
|  18|0x0000000781200000, 0x0000000781200000, 0x0000000781300000|  0%| F|  |TAMS 0x0000000781200000, 0x0000000781200000| Untracked 
|  19|0x0000000781300000, 0x0000000781300000, 0x0000000781400000|  0%| F|  |TAMS 0x0000000781300000, 0x0000000781300000| Untracked 
|  20|0x0000000781400000, 0x0000000781400000, 0x0000000781500000|  0%| F|  |TAMS 0x0000000781400000, 0x0000000781400000| Untracked 
|  21|0x0000000781500000, 0x0000000781500000, 0x0000000781600000|  0%| F|  |TAMS 0x0000000781500000, 0x0000000781500000| Untracked 
|  22|0x0000000781600000, 0x0000000781600000, 0x0000000781700000|  0%| F|  |TAMS 0x0000000781600000, 0x0000000781600000| Untracked 
|  23|0x0000000781700000, 0x0000000781700000, 0x0000000781800000|  0%| F|  |TAMS 0x0000000781700000, 0x0000000781700000| Untracked 
|  24|0x0000000781800000, 0x0000000781800000, 0x0000000781900000|  0%| F|  |TAMS 0x0000000781800000, 0x0000000781800000| Untracked 
|  25|0x0000000781900000, 0x0000000781900000, 0x0000000781a00000|  0%| F|  |TAMS 0x0000000781900000, 0x0000000781900000| Untracked 
|  26|0x0000000781a00000, 0x0000000781a00000, 0x0000000781b00000|  0%| F|  |TAMS 0x0000000781a00000, 0x0000000781a00000| Untracked 
|  27|0x0000000781b00000, 0x0000000781b00000, 0x0000000781c00000|  0%| F|  |TAMS 0x0000000781b00000, 0x0000000781b00000| Untracked 
|  28|0x0000000781c00000, 0x0000000781c00000, 0x0000000781d00000|  0%| F|  |TAMS 0x0000000781c00000, 0x0000000781c00000| Untracked 
|  29|0x0000000781d00000, 0x0000000781d00000, 0x0000000781e00000|  0%| F|  |TAMS 0x0000000781d00000, 0x0000000781d00000| Untracked 
|  30|0x0000000781e00000, 0x0000000781e00000, 0x0000000781f00000|  0%| F|  |TAMS 0x0000000781e00000, 0x0000000781e00000| Untracked 
|  31|0x0000000781f00000, 0x0000000781f00000, 0x0000000782000000|  0%| F|  |TAMS 0x0000000781f00000, 0x0000000781f00000| Untracked 
|  32|0x0000000782000000, 0x0000000782000000, 0x0000000782100000|  0%| F|  |TAMS 0x0000000782000000, 0x0000000782000000| Untracked 
|  33|0x0000000782100000, 0x0000000782100000, 0x0000000782200000|  0%| F|  |TAMS 0x0000000782100000, 0x0000000782100000| Untracked 
|  34|0x0000000782200000, 0x0000000782200000, 0x0000000782300000|  0%| F|  |TAMS 0x0000000782200000, 0x0000000782200000| Untracked 
|  35|0x0000000782300000, 0x0000000782300000, 0x0000000782400000|  0%| F|  |TAMS 0x0000000782300000, 0x0000000782300000| Untracked 
|  36|0x0000000782400000, 0x0000000782400000, 0x0000000782500000|  0%| F|  |TAMS 0x0000000782400000, 0x0000000782400000| Untracked 
|  37|0x0000000782500000, 0x0000000782500000, 0x0000000782600000|  0%| F|  |TAMS 0x0000000782500000, 0x0000000782500000| Untracked 
|  38|0x0000000782600000, 0x0000000782600000, 0x0000000782700000|  0%| F|  |TAMS 0x0000000782600000, 0x0000000782600000| Untracked 
|  39|0x0000000782700000, 0x0000000782700000, 0x0000000782800000|  0%| F|  |TAMS 0x0000000782700000, 0x0000000782700000| Untracked 
|  40|0x0000000782800000, 0x0000000782800000, 0x0000000782900000|  0%| F|  |TAMS 0x0000000782800000, 0x0000000782800000| Untracked 
|  41|0x0000000782900000, 0x0000000782900000, 0x0000000782a00000|  0%| F|  |TAMS 0x0000000782900000, 0x0000000782900000| Untracked 
|  42|0x0000000782a00000, 0x0000000782a00000, 0x0000000782b00000|  0%| F|  |TAMS 0x0000000782a00000, 0x0000000782a00000| Untracked 
|  43|0x0000000782b00000, 0x0000000782b00000, 0x0000000782c00000|  0%| F|  |TAMS 0x0000000782b00000, 0x0000000782b00000| Untracked 
|  44|0x0000000782c00000, 0x0000000782c00000, 0x0000000782d00000|  0%| F|  |TAMS 0x0000000782c00000, 0x0000000782c00000| Untracked 
|  45|0x0000000782d00000, 0x0000000782d00000, 0x0000000782e00000|  0%| F|  |TAMS 0x0000000782d00000, 0x0000000782d00000| Untracked 
|  46|0x0000000782e00000, 0x0000000782e00000, 0x0000000782f00000|  0%| F|  |TAMS 0x0000000782e00000, 0x0000000782e00000| Untracked 
|  47|0x0000000782f00000, 0x0000000782f00000, 0x0000000783000000|  0%| F|  |TAMS 0x0000000782f00000, 0x0000000782f00000| Untracked 
|  48|0x0000000783000000, 0x0000000783000000, 0x0000000783100000|  0%| F|  |TAMS 0x0000000783000000, 0x0000000783000000| Untracked 
|  49|0x0000000783100000, 0x0000000783100000, 0x0000000783200000|  0%| F|  |TAMS 0x0000000783100000, 0x0000000783100000| Untracked 
|  50|0x0000000783200000, 0x0000000783200000, 0x0000000783300000|  0%| F|  |TAMS 0x0000000783200000, 0x0000000783200000| Untracked 
|  51|0x0000000783300000, 0x0000000783300000, 0x0000000783400000|  0%| F|  |TAMS 0x0000000783300000, 0x0000000783300000| Untracked 
|  52|0x0000000783400000, 0x0000000783400000, 0x0000000783500000|  0%| F|  |TAMS 0x0000000783400000, 0x0000000783400000| Untracked 
|  53|0x0000000783500000, 0x0000000783500000, 0x0000000783600000|  0%| F|  |TAMS 0x0000000783500000, 0x0000000783500000| Untracked 
|  54|0x0000000783600000, 0x0000000783600000, 0x0000000783700000|  0%| F|  |TAMS 0x0000000783600000, 0x0000000783600000| Untracked 
|  55|0x0000000783700000, 0x0000000783700000, 0x0000000783800000|  0%| F|  |TAMS 0x0000000783700000, 0x0000000783700000| Untracked 
|  56|0x0000000783800000, 0x0000000783800000, 0x0000000783900000|  0%| F|  |TAMS 0x0000000783800000, 0x0000000783800000| Untracked 
|  57|0x0000000783900000, 0x0000000783900000, 0x0000000783a00000|  0%| F|  |TAMS 0x0000000783900000, 0x0000000783900000| Untracked 
|  58|0x0000000783a00000, 0x0000000783a00000, 0x0000000783b00000|  0%| F|  |TAMS 0x0000000783a00000, 0x0000000783a00000| Untracked 
|  59|0x0000000783b00000, 0x0000000783b00000, 0x0000000783c00000|  0%| F|  |TAMS 0x0000000783b00000, 0x0000000783b00000| Untracked 
|  60|0x0000000783c00000, 0x0000000783c00000, 0x0000000783d00000|  0%| F|  |TAMS 0x0000000783c00000, 0x0000000783c00000| Untracked 
|  61|0x0000000783d00000, 0x0000000783d00000, 0x0000000783e00000|  0%| F|  |TAMS 0x0000000783d00000, 0x0000000783d00000| Untracked 
|  62|0x0000000783e00000, 0x0000000783e00000, 0x0000000783f00000|  0%| F|  |TAMS 0x0000000783e00000, 0x0000000783e00000| Untracked 
|  63|0x0000000783f00000, 0x0000000783f00000, 0x0000000784000000|  0%| F|  |TAMS 0x0000000783f00000, 0x0000000783f00000| Untracked 
|  64|0x0000000784000000, 0x0000000784000000, 0x0000000784100000|  0%| F|  |TAMS 0x0000000784000000, 0x0000000784000000| Untracked 
|  65|0x0000000784100000, 0x0000000784100000, 0x0000000784200000|  0%| F|  |TAMS 0x0000000784100000, 0x0000000784100000| Untracked 
|  66|0x0000000784200000, 0x0000000784200000, 0x0000000784300000|  0%| F|  |TAMS 0x0000000784200000, 0x0000000784200000| Untracked 
|  67|0x0000000784300000, 0x0000000784300000, 0x0000000784400000|  0%| F|  |TAMS 0x0000000784300000, 0x0000000784300000| Untracked 
|  68|0x0000000784400000, 0x0000000784400000, 0x0000000784500000|  0%| F|  |TAMS 0x0000000784400000, 0x0000000784400000| Untracked 
|  69|0x0000000784500000, 0x0000000784500000, 0x0000000784600000|  0%| F|  |TAMS 0x0000000784500000, 0x0000000784500000| Untracked 
|  70|0x0000000784600000, 0x0000000784600000, 0x0000000784700000|  0%| F|  |TAMS 0x0000000784600000, 0x0000000784600000| Untracked 
|  71|0x0000000784700000, 0x0000000784700000, 0x0000000784800000|  0%| F|  |TAMS 0x0000000784700000, 0x0000000784700000| Untracked 
|  72|0x0000000784800000, 0x0000000784800000, 0x0000000784900000|  0%| F|  |TAMS 0x0000000784800000, 0x0000000784800000| Untracked 
|  73|0x0000000784900000, 0x0000000784900000, 0x0000000784a00000|  0%| F|  |TAMS 0x0000000784900000, 0x0000000784900000| Untracked 
|  74|0x0000000784a00000, 0x0000000784a00000, 0x0000000784b00000|  0%| F|  |TAMS 0x0000000784a00000, 0x0000000784a00000| Untracked 
|  75|0x0000000784b00000, 0x0000000784b00000, 0x0000000784c00000|  0%| F|  |TAMS 0x0000000784b00000, 0x0000000784b00000| Untracked 
|  76|0x0000000784c00000, 0x0000000784c00000, 0x0000000784d00000|  0%| F|  |TAMS 0x0000000784c00000, 0x0000000784c00000| Untracked 
|  77|0x0000000784d00000, 0x0000000784d00000, 0x0000000784e00000|  0%| F|  |TAMS 0x0000000784d00000, 0x0000000784d00000| Untracked 
|  78|0x0000000784e00000, 0x0000000784e00000, 0x0000000784f00000|  0%| F|  |TAMS 0x0000000784e00000, 0x0000000784e00000| Untracked 
|  79|0x0000000784f00000, 0x0000000784f00000, 0x0000000785000000|  0%| F|  |TAMS 0x0000000784f00000, 0x0000000784f00000| Untracked 
|  80|0x0000000785000000, 0x0000000785000000, 0x0000000785100000|  0%| F|  |TAMS 0x0000000785000000, 0x0000000785000000| Untracked 
|  81|0x0000000785100000, 0x0000000785100000, 0x0000000785200000|  0%| F|  |TAMS 0x0000000785100000, 0x0000000785100000| Untracked 
|  82|0x0000000785200000, 0x0000000785200000, 0x0000000785300000|  0%| F|  |TAMS 0x0000000785200000, 0x0000000785200000| Untracked 
|  83|0x0000000785300000, 0x0000000785300000, 0x0000000785400000|  0%| F|  |TAMS 0x0000000785300000, 0x0000000785300000| Untracked 
|  84|0x0000000785400000, 0x0000000785400000, 0x0000000785500000|  0%| F|  |TAMS 0x0000000785400000, 0x0000000785400000| Untracked 
|  85|0x0000000785500000, 0x0000000785500000, 0x0000000785600000|  0%| F|  |TAMS 0x0000000785500000, 0x0000000785500000| Untracked 
|  86|0x0000000785600000, 0x0000000785600000, 0x0000000785700000|  0%| F|  |TAMS 0x0000000785600000, 0x0000000785600000| Untracked 
|  87|0x0000000785700000, 0x0000000785700000, 0x0000000785800000|  0%| F|  |TAMS 0x0000000785700000, 0x0000000785700000| Untracked 
|  88|0x0000000785800000, 0x0000000785800000, 0x0000000785900000|  0%| F|  |TAMS 0x0000000785800000, 0x0000000785800000| Untracked 
|  89|0x0000000785900000, 0x0000000785900000, 0x0000000785a00000|  0%| F|  |TAMS 0x0000000785900000, 0x0000000785900000| Untracked 
|  90|0x0000000785a00000, 0x0000000785a00000, 0x0000000785b00000|  0%| F|  |TAMS 0x0000000785a00000, 0x0000000785a00000| Untracked 
|  91|0x0000000785b00000, 0x0000000785b00000, 0x0000000785c00000|  0%| F|  |TAMS 0x0000000785b00000, 0x0000000785b00000| Untracked 
|  92|0x0000000785c00000, 0x0000000785c00000, 0x0000000785d00000|  0%| F|  |TAMS 0x0000000785c00000, 0x0000000785c00000| Untracked 
|  93|0x0000000785d00000, 0x0000000785d00000, 0x0000000785e00000|  0%| F|  |TAMS 0x0000000785d00000, 0x0000000785d00000| Untracked 
|  94|0x0000000785e00000, 0x0000000785e00000, 0x0000000785f00000|  0%| F|  |TAMS 0x0000000785e00000, 0x0000000785e00000| Untracked 
|  95|0x0000000785f00000, 0x0000000785f00000, 0x0000000786000000|  0%| F|  |TAMS 0x0000000785f00000, 0x0000000785f00000| Untracked 
|  96|0x0000000786000000, 0x0000000786000000, 0x0000000786100000|  0%| F|  |TAMS 0x0000000786000000, 0x0000000786000000| Untracked 
|  97|0x0000000786100000, 0x0000000786100000, 0x0000000786200000|  0%| F|  |TAMS 0x0000000786100000, 0x0000000786100000| Untracked 
|  98|0x0000000786200000, 0x0000000786200000, 0x0000000786300000|  0%| F|  |TAMS 0x0000000786200000, 0x0000000786200000| Untracked 
|  99|0x0000000786300000, 0x0000000786300000, 0x0000000786400000|  0%| F|  |TAMS 0x0000000786300000, 0x0000000786300000| Untracked 
| 100|0x0000000786400000, 0x0000000786400000, 0x0000000786500000|  0%| F|  |TAMS 0x0000000786400000, 0x0000000786400000| Untracked 
| 101|0x0000000786500000, 0x0000000786500000, 0x0000000786600000|  0%| F|  |TAMS 0x0000000786500000, 0x0000000786500000| Untracked 
| 102|0x0000000786600000, 0x0000000786600000, 0x0000000786700000|  0%| F|  |TAMS 0x0000000786600000, 0x0000000786600000| Untracked 
| 103|0x0000000786700000, 0x0000000786700000, 0x0000000786800000|  0%| F|  |TAMS 0x0000000786700000, 0x0000000786700000| Untracked 
| 104|0x0000000786800000, 0x0000000786800000, 0x0000000786900000|  0%| F|  |TAMS 0x0000000786800000, 0x0000000786800000| Untracked 
| 105|0x0000000786900000, 0x0000000786900000, 0x0000000786a00000|  0%| F|  |TAMS 0x0000000786900000, 0x0000000786900000| Untracked 
| 106|0x0000000786a00000, 0x0000000786a00000, 0x0000000786b00000|  0%| F|  |TAMS 0x0000000786a00000, 0x0000000786a00000| Untracked 
| 107|0x0000000786b00000, 0x0000000786b00000, 0x0000000786c00000|  0%| F|  |TAMS 0x0000000786b00000, 0x0000000786b00000| Untracked 
| 108|0x0000000786c00000, 0x0000000786c00000, 0x0000000786d00000|  0%| F|  |TAMS 0x0000000786c00000, 0x0000000786c00000| Untracked 
| 109|0x0000000786d00000, 0x0000000786d00000, 0x0000000786e00000|  0%| F|  |TAMS 0x0000000786d00000, 0x0000000786d00000| Untracked 
| 110|0x0000000786e00000, 0x0000000786e00000, 0x0000000786f00000|  0%| F|  |TAMS 0x0000000786e00000, 0x0000000786e00000| Untracked 
| 111|0x0000000786f00000, 0x0000000786f00000, 0x0000000787000000|  0%| F|  |TAMS 0x0000000786f00000, 0x0000000786f00000| Untracked 
| 112|0x0000000787000000, 0x0000000787000000, 0x0000000787100000|  0%| F|  |TAMS 0x0000000787000000, 0x0000000787000000| Untracked 
| 113|0x0000000787100000, 0x0000000787100000, 0x0000000787200000|  0%| F|  |TAMS 0x0000000787100000, 0x0000000787100000| Untracked 
| 114|0x0000000787200000, 0x0000000787200000, 0x0000000787300000|  0%| F|  |TAMS 0x0000000787200000, 0x0000000787200000| Untracked 
| 115|0x0000000787300000, 0x0000000787385a38, 0x0000000787400000| 52%| E|  |TAMS 0x0000000787300000, 0x0000000787300000| Complete 
| 116|0x0000000787400000, 0x0000000787500000, 0x0000000787500000|100%| E|CS|TAMS 0x0000000787400000, 0x0000000787400000| Complete 
| 117|0x0000000787500000, 0x0000000787600000, 0x0000000787600000|100%| E|CS|TAMS 0x0000000787500000, 0x0000000787500000| Complete 
| 118|0x0000000787600000, 0x0000000787700000, 0x0000000787700000|100%| E|CS|TAMS 0x0000000787600000, 0x0000000787600000| Complete 
| 119|0x0000000787700000, 0x0000000787800000, 0x0000000787800000|100%| E|CS|TAMS 0x0000000787700000, 0x0000000787700000| Complete 
| 120|0x0000000787800000, 0x0000000787900000, 0x0000000787900000|100%| E|CS|TAMS 0x0000000787800000, 0x0000000787800000| Complete 
| 121|0x0000000787900000, 0x0000000787a00000, 0x0000000787a00000|100%| E|CS|TAMS 0x0000000787900000, 0x0000000787900000| Complete 
| 122|0x0000000787a00000, 0x0000000787b00000, 0x0000000787b00000|100%| E|CS|TAMS 0x0000000787a00000, 0x0000000787a00000| Complete 
| 123|0x0000000787b00000, 0x0000000787c00000, 0x0000000787c00000|100%| E|CS|TAMS 0x0000000787b00000, 0x0000000787b00000| Complete 
| 124|0x0000000787c00000, 0x0000000787d00000, 0x0000000787d00000|100%| E|CS|TAMS 0x0000000787c00000, 0x0000000787c00000| Complete 
| 125|0x0000000787d00000, 0x0000000787e00000, 0x0000000787e00000|100%| E|CS|TAMS 0x0000000787d00000, 0x0000000787d00000| Complete 
| 126|0x0000000787e00000, 0x0000000787f00000, 0x0000000787f00000|100%| E|CS|TAMS 0x0000000787e00000, 0x0000000787e00000| Complete 
| 127|0x0000000787f00000, 0x0000000788000000, 0x0000000788000000|100%| E|CS|TAMS 0x0000000787f00000, 0x0000000787f00000| Complete 
|2046|0x00000007ffe00000, 0x00000007ffe76000, 0x00000007fff00000| 46%|OA|  |TAMS 0x00000007ffe00000, 0x00000007ffe00000| Untracked 
|2047|0x00000007fff00000, 0x00000007fff7f000, 0x0000000800000000| 49%|CA|  |TAMS 0x00000007fff00000, 0x00000007fff00000| Untracked 

Card table byte_map: [0x000000010ccf0000,0x000000010d0f0000] _byte_map_base: 0x00000001090f0000

Marking Bits (Prev, Next): (CMBitMap*) 0x00007fa11701e210, (CMBitMap*) 0x00007fa11701e250
 Prev Bits: [0x0000000125d8d000, 0x0000000127d8d000)
 Next Bits: [0x0000000127d8d000, 0x0000000129d8d000)

Polling page: 0x000000010c614000

Metaspace:

Usage:
  Non-class:      3.11 MB used.
      Class:    390.17 KB used.
       Both:      3.49 MB used.

Virtual space:
  Non-class space:        8.00 MB reserved,       3.19 MB ( 40%) committed,  1 nodes.
      Class space:        1.00 GB reserved,     512.00 KB ( <1%) committed,  1 nodes.
             Both:        1.01 GB reserved,       3.69 MB ( <1%) committed. 

Chunk freelists:
   Non-Class:  2.86 MB
       Class:  3.55 MB
        Both:  6.41 MB

MaxMetaspaceSize: unlimited
CompressedClassSpaceSize: 1.00 GB
Initial GC threshold: 21.00 MB
Current GC threshold: 21.00 MB
CDS: on
MetaspaceReclaimPolicy: balanced
 - commit_granule_bytes: 65536.
 - commit_granule_words: 8192.
 - virtual_space_node_default_size: 1048576.
 - enlarge_chunks_in_place: 1.
 - new_chunks_are_fully_committed: 0.
 - uncommit_free_chunks: 1.
 - use_allocation_guard: 0.
 - handle_deallocations: 1.


Internal statistics:

num_allocs_failed_limit: 0.
num_arena_births: 82.
num_arena_deaths: 0.
num_vsnodes_births: 2.
num_vsnodes_deaths: 0.
num_space_committed: 59.
num_space_uncommitted: 0.
num_chunks_returned_to_freelist: 0.
num_chunks_taken_from_freelist: 149.
num_chunk_merges: 0.
num_chunk_splits: 101.
num_chunks_enlarged: 69.
num_purges: 0.
num_inconsistent_stats: 0.

CodeHeap 'non-profiled nmethods': size=120032Kb used=226Kb max_used=226Kb free=119805Kb
 bounds [0x000000011e855000, 0x000000011eac5000, 0x0000000125d8d000]
CodeHeap 'profiled nmethods': size=120028Kb used=1180Kb max_used=1180Kb free=118847Kb
 bounds [0x000000011731e000, 0x000000011758e000, 0x000000011e855000]
CodeHeap 'non-nmethods': size=5700Kb used=1179Kb max_used=1195Kb free=4520Kb
 bounds [0x0000000116d8d000, 0x0000000116ffd000, 0x000000011731e000]
 total_blobs=1225 nmethods=741 adapters=398
 compilation: enabled
              stopped_count=0, restarted_count=0
 full_count=0

Compilation events (20 events):
Event: 5.203 Thread 0x00007fa117864400  741       4       sun.security.provider.MD5::implCompress0 (1407 bytes)
Event: 5.204 Thread 0x00007fa117067000  742       3       sun.security.provider.DigestBase::implCompressMultiBlock0 (23 bytes)
Event: 5.206 Thread 0x00007fa117067000 nmethod 742 0x000000011743dd90 code [0x000000011743df40, 0x000000011743e1e0]
Event: 5.215 Thread 0x00007fa117067000  743       3       java.io.FilterInputStream::read (9 bytes)
Event: 5.216 Thread 0x00007fa117067000 nmethod 743 0x000000011743e310 code [0x000000011743e4c0, 0x000000011743e6a0]
Event: 5.221 Thread 0x00007fa117067000  744       3       java.lang.invoke.MethodType::toMethodDescriptorString (28 bytes)
Event: 5.222 Thread 0x00007fa117067000 nmethod 744 0x000000011743e790 code [0x000000011743e940, 0x000000011743eb20]
Event: 5.226 Thread 0x00007fa117067000  746       3       java.lang.invoke.MethodHandleNatives::isCallerSensitive (29 bytes)
Event: 5.227 Thread 0x00007fa117067000 nmethod 746 0x000000011743ec10 code [0x000000011743ee00, 0x000000011743f380]
Event: 5.227 Thread 0x00007fa117067000  747       3       java.lang.invoke.MethodHandleNatives::canBeCalledVirtual (50 bytes)
Event: 5.230 Thread 0x00007fa117067000 nmethod 747 0x000000011743f590 code [0x000000011743f780, 0x000000011743fc60]
Event: 5.343 Thread 0x00007fa117864400 nmethod 741 0x000000011e88bc10 code [0x000000011e88bda0, 0x000000011e88ca98]
Event: 5.343 Thread 0x00007fa117864400  745       4       java.lang.StringUTF16::compress (50 bytes)
Event: 5.364 Thread 0x00007fa117864400 nmethod 745 0x000000011e88cd10 code [0x000000011e88cea0, 0x000000011e88d2b8]
Event: 5.565 Thread 0x00007fa117067000  748       3       java.util.concurrent.ConcurrentHashMap$Traverser::advance (188 bytes)
Event: 5.568 Thread 0x00007fa117067000 nmethod 748 0x000000011743fe10 code [0x0000000117440060, 0x0000000117440c60]
Event: 5.569 Thread 0x00007fa117067000  749       3       java.lang.StringBuilder::append (8 bytes)
Event: 5.570 Thread 0x00007fa117067000 nmethod 749 0x0000000117440f10 code [0x00000001174410c0, 0x0000000117441200]
Event: 5.570 Thread 0x00007fa117067000  750       3       java.lang.AbstractStringBuilder::append (55 bytes)
Event: 5.570 Thread 0x00007fa117067000 nmethod 750 0x0000000117441290 code [0x0000000117441480, 0x00000001174417b0]

GC Heap History (0 events):
No events

Deoptimization events (20 events):
Event: 1.307 Thread 0x00007fa117808600 DEOPT PACKING pc=0x000000011e86a328 sp=0x000070000c977290
Event: 1.307 Thread 0x00007fa117808600 DEOPT UNPACKING pc=0x0000000116ddf099 sp=0x000070000c977258 mode 2
Event: 1.333 Thread 0x00007fa117808600 Uncommon trap: trap_request=0xfffffff4 fr.pc=0x000000011e862250 relative=0x00000000000001b0
Event: 1.333 Thread 0x00007fa117808600 Uncommon trap: reason=null_check action=make_not_entrant pc=0x000000011e862250 method=java.lang.String.equals(Ljava/lang/Object;)Z @ 8 c2
Event: 1.333 Thread 0x00007fa117808600 DEOPT PACKING pc=0x000000011e862250 sp=0x000070000c976670
Event: 1.333 Thread 0x00007fa117808600 DEOPT UNPACKING pc=0x0000000116ddf099 sp=0x000070000c976638 mode 2
Event: 2.029 Thread 0x00007fa117808c00 Uncommon trap: trap_request=0xffffff45 fr.pc=0x000000011e86359c relative=0x00000000000000fc
Event: 2.029 Thread 0x00007fa117808c00 Uncommon trap: reason=unstable_if action=reinterpret pc=0x000000011e86359c method=java.lang.StringLatin1.lastIndexOf([BI[BII)I @ 86 c2
Event: 2.029 Thread 0x00007fa117808c00 DEOPT PACKING pc=0x000000011e86359c sp=0x000070000ddb5ac0
Event: 2.029 Thread 0x00007fa117808c00 DEOPT UNPACKING pc=0x0000000116ddf099 sp=0x000070000ddb5a38 mode 2
Event: 2.225 Thread 0x00007fa117808600 DEOPT PACKING pc=0x0000000117372b4b sp=0x000070000c972860
Event: 2.225 Thread 0x00007fa117808600 DEOPT UNPACKING pc=0x0000000116ddf82f sp=0x000070000c971ce0 mode 0
Event: 3.927 Thread 0x00007fa11980ce00 Uncommon trap: trap_request=0xffffff45 fr.pc=0x000000011e867b7c relative=0x00000000000006bc
Event: 3.927 Thread 0x00007fa11980ce00 Uncommon trap: reason=unstable_if action=reinterpret pc=0x000000011e867b7c method=jdk.internal.module.Checks.isJavaIdentifier(Ljava/lang/String;)Z @ 4 c2
Event: 3.927 Thread 0x00007fa11980ce00 DEOPT PACKING pc=0x000000011e867b7c sp=0x000070000deb8d90
Event: 3.927 Thread 0x00007fa11980ce00 DEOPT UNPACKING pc=0x0000000116ddf099 sp=0x000070000deb8d50 mode 2
Event: 5.759 Thread 0x00007fa119809400 Uncommon trap: trap_request=0xffffff45 fr.pc=0x000000011e88a150 relative=0x0000000000000190
Event: 5.759 Thread 0x00007fa119809400 Uncommon trap: reason=unstable_if action=reinterpret pc=0x000000011e88a150 method=java.lang.invoke.VarHandle.checkExactAccessMode(Ljava/lang/invoke/VarHandle$AccessDescriptor;)V @ 4 c2
Event: 5.759 Thread 0x00007fa119809400 DEOPT PACKING pc=0x000000011e88a150 sp=0x00007ff7b3a0e940
Event: 5.759 Thread 0x00007fa119809400 DEOPT UNPACKING pc=0x0000000116ddf099 sp=0x00007ff7b3a0e8a0 mode 2

Classes unloaded (0 events):
No events

Classes redefined (0 events):
No events

Internal exceptions (12 events):
Event: 0.634 Thread 0x00007fa117808600 Exception <a 'java/lang/NoSuchMethodError'{0x0000000787e0cb90}: 'void java.lang.invoke.DirectMethodHandle$Holder.invokeVirtual(java.lang.Object, java.lang.Object)'> (0x0000000787e0cb90) 
thrown [open/src/hotspot/share/interpreter/linkResolver.cpp, line 766]
Event: 0.843 Thread 0x00007fa117808600 Exception <a 'java/lang/NoSuchMethodError'{0x0000000787eb6e60}: 'void java.lang.invoke.DirectMethodHandle$Holder.invokeSpecial(java.lang.Object, java.lang.Object, java.lang.Object)'> (0x0000000787eb6e60) 
thrown [open/src/hotspot/share/interpreter/linkResolver.cpp, line 766]
Event: 1.164 Thread 0x00007fa117808600 Exception <a 'java/lang/NoSuchMethodError'{0x0000000787cff9f8}: 'void java.lang.invoke.DirectMethodHandle$Holder.invokeSpecial(java.lang.Object, java.lang.Object, java.lang.Object, java.lang.Object, java.lang.Object)'> (0x0000000787cff9f8) 
thrown [open/src/hotspot/share/interpreter/linkResolver.cpp, line 766]
Event: 1.287 Thread 0x00007fa117808600 Exception <a 'java/lang/NoSuchMethodError'{0x0000000787b15758}: 'java.lang.Object java.lang.invoke.DirectMethodHandle$Holder.invokeInterface(java.lang.Object, java.lang.Object)'> (0x0000000787b15758) 
thrown [open/src/hotspot/share/interpreter/linkResolver.cpp, line 766]
Event: 1.290 Thread 0x00007fa117808600 Exception <a 'java/lang/IncompatibleClassChangeError'{0x0000000787b18dd0}: Found class java.lang.Object, but interface was expected> (0x0000000787b18dd0) 
thrown [open/src/hotspot/share/interpreter/linkResolver.cpp, line 833]
Event: 1.291 Thread 0x00007fa117808600 Exception <a 'java/lang/NoSuchMethodError'{0x0000000787b1bb98}: 'void java.lang.invoke.DirectMethodHandle$Holder.invokeStatic(java.lang.Object, java.lang.Object, java.lang.Object, java.lang.Object)'> (0x0000000787b1bb98) 
thrown [open/src/hotspot/share/interpreter/linkResolver.cpp, line 766]
Event: 1.333 Thread 0x00007fa117808600 Implicit null exception at 0x000000011e8620d5 to 0x000000011e862240
Event: 1.378 Thread 0x00007fa117075200 Exception <a 'java/lang/NoSuchMethodError'{0x0000000787bcb578}: 'java.lang.Object java.lang.invoke.DirectMethodHandle$Holder.invokeStaticInit(java.lang.Object)'> (0x0000000787bcb578) 
thrown [open/src/hotspot/share/interpreter/linkResolver.cpp, line 766]
Event: 1.388 Thread 0x00007fa117075200 Exception <a 'java/lang/ClassNotFoundException'{0x0000000787bd6540}: jdk/net/ExtendedSocketOptions> (0x0000000787bd6540) 
thrown [open/src/hotspot/share/classfile/systemDictionary.cpp, line 256]
Event: 1.395 Thread 0x00007fa117075200 Exception <a 'java/lang/NoSuchMethodError'{0x0000000787bd7d98}: 'void java.lang.invoke.DirectMethodHandle$Holder.invokeStatic(java.lang.Object, java.lang.Object)'> (0x0000000787bd7d98) 
thrown [open/src/hotspot/share/interpreter/linkResolver.cpp, line 766]
Event: 3.411 Thread 0x00007fa117808600 Exception <a 'java/lang/NoSuchMethodError'{0x000000078762c578}: 'void java.lang.invoke.DirectMethodHandle$Holder.invokeStatic(java.lang.Object, java.lang.Object, java.lang.Object)'> (0x000000078762c578) 
thrown [open/src/hotspot/share/interpreter/linkResolver.cpp, line 766]
Event: 5.164 Thread 0x00007fa117808600 Exception <a 'java/lang/NoSuchMethodError'{0x00000007875e83e0}: 'int java.lang.invoke.DirectMethodHandle$Holder.invokeStaticInit(java.lang.Object, java.lang.Object, java.lang.Object)'> (0x00000007875e83e0) 
thrown [open/src/hotspot/share/interpreter/linkResolver.cpp, line 766]

VM Operations (14 events):
Event: 0.914 Executing VM operation: HandshakeAllThreads
Event: 0.914 Executing VM operation: HandshakeAllThreads done
Event: 1.279 Executing VM operation: HandshakeAllThreads
Event: 1.279 Executing VM operation: HandshakeAllThreads done
Event: 1.279 Executing VM operation: Cleanup
Event: 1.279 Executing VM operation: Cleanup done
Event: 1.370 Executing VM operation: HandshakeAllThreads
Event: 1.374 Executing VM operation: HandshakeAllThreads done
Event: 2.911 Executing VM operation: Cleanup
Event: 3.057 Executing VM operation: Cleanup done
Event: 4.062 Executing VM operation: Cleanup
Event: 4.168 Executing VM operation: Cleanup done
Event: 5.172 Executing VM operation: Cleanup
Event: 5.173 Executing VM operation: Cleanup done

Events (20 events):
Event: 5.160 loading class java/util/concurrent/ForkJoinPool$ManagedBlocker done
Event: 5.160 loading class java/util/concurrent/locks/AbstractQueuedSynchronizer$ConditionNode done
Event: 5.193 Loading shared library /Users/mozamilsadat/.m2/repository/org/openjfx/javafx-graphics/17.0.1/libglass.dylib failed, dlopen(/Users/mozamilsadat/.m2/repository/org/openjfx/javafx-graphics/17.0.1/libglass.dylib, 0x0001): tried: '/Users/mozamilsadat/.m2/repos
Event: 5.218 Loaded shared library /Users/mozamilsadat/.openjfx/cache/17.0.1/libglass.dylib
Event: 5.223 loading class java/util/concurrent/BlockingDeque
Event: 5.224 loading class java/util/concurrent/BlockingDeque done
Event: 5.224 loading class java/util/concurrent/LinkedBlockingDeque
Event: 5.224 loading class java/util/concurrent/LinkedBlockingDeque done
Event: 5.224 Thread 0x00007fa117a65000 Thread added: 0x00007fa117a65000
Event: 5.224 Protecting memory [0x000070000debd000,0x000070000dec1000] with protection modes 0
Event: 5.227 Protecting memory [0x00007ff7b3213000,0x00007ff7b3217000] with protection modes 0
Event: 5.227 Thread 0x00007fa119809400 Thread added: 0x00007fa119809400
Event: 5.569 Thread 0x00007fa1172ce200 Thread added: 0x00007fa1172ce200
Event: 5.569 Protecting memory [0x000070000e0c6000,0x000070000e0ca000] with protection modes 0
Event: 5.747 loading class java/util/concurrent/LinkedBlockingDeque$Node
Event: 5.747 loading class java/util/concurrent/LinkedBlockingDeque$Node done
Event: 5.748 Protecting memory [0x000070000e0c6000,0x000070000e0ca000] with protection modes 3
Event: 5.748 Thread 0x00007fa1172ce200 Thread exited: 0x00007fa1172ce200
Event: 5.760 loading class java/util/concurrent/FutureTask
Event: 5.760 loading class java/util/concurrent/FutureTask done


Dynamic libraries:
0x000000010c616000 	/Users/mozamilsadat/Library/Java/JavaVirtualMachines/openjdk-17.0.2/Contents/Home/lib/libjli.dylib
0x00007ff81b5d9000 	/usr/lib/libz.1.dylib
0x00007ff81b6b9000 	/usr/lib/libSystem.B.dylib
0x00007ff81b6b4000 	/usr/lib/system/libcache.dylib
0x00007ff81b670000 	/usr/lib/system/libcommonCrypto.dylib
0x00007ff81b699000 	/usr/lib/system/libcompiler_rt.dylib
0x00007ff81b68f000 	/usr/lib/system/libcopyfile.dylib
0x00007ff8106c7000 	/usr/lib/system/libcorecrypto.dylib
0x00007ff810786000 	/usr/lib/system/libdispatch.dylib
0x00007ff810945000 	/usr/lib/system/libdyld.dylib
0x00007ff81b6ab000 	/usr/lib/system/libkeymgr.dylib
0x00007ff81b64e000 	/usr/lib/system/libmacho.dylib
0x00007ff81acda000 	/usr/lib/system/libquarantine.dylib
0x00007ff81b6a9000 	/usr/lib/system/libremovefile.dylib
0x00007ff8158ac000 	/usr/lib/system/libsystem_asl.dylib
0x00007ff810675000 	/usr/lib/system/libsystem_blocks.dylib
0x00007ff81080a000 	/usr/lib/system/libsystem_c.dylib
0x00007ff81b6a1000 	/usr/lib/system/libsystem_collections.dylib
0x00007ff819f82000 	/usr/lib/system/libsystem_configuration.dylib
0x00007ff81923f000 	/usr/lib/system/libsystem_containermanager.dylib
0x00007ff81b38b000 	/usr/lib/system/libsystem_coreservices.dylib
0x00007ff812f6f000 	/usr/lib/system/libsystem_darwin.dylib
0x00007ff81b6ac000 	/usr/lib/system/libsystem_dnssd.dylib
0x00007ff810807000 	/usr/lib/system/libsystem_featureflags.dylib
0x00007ff81095b000 	/usr/lib/system/libsystem_info.dylib
0x00007ff81b5ec000 	/usr/lib/system/libsystem_m.dylib
0x00007ff81075a000 	/usr/lib/system/libsystem_malloc.dylib
0x00007ff815849000 	/usr/lib/system/libsystem_networkextension.dylib
0x00007ff813397000 	/usr/lib/system/libsystem_notify.dylib
0x00007ff821829000 	/usr/lib/system/libsystem_product_info_filter.dylib
0x00007ff819f86000 	/usr/lib/system/libsystem_sandbox.dylib
0x00007ff81b6a6000 	/usr/lib/system/libsystem_secinit.dylib
0x00007ff810902000 	/usr/lib/system/libsystem_kernel.dylib
0x00007ff810951000 	/usr/lib/system/libsystem_platform.dylib
0x00007ff810939000 	/usr/lib/system/libsystem_pthread.dylib
0x00007ff817104000 	/usr/lib/system/libsystem_symptoms.dylib
0x00007ff8106ae000 	/usr/lib/system/libsystem_trace.dylib
0x00007ff81b67c000 	/usr/lib/system/libunwind.dylib
0x00007ff810677000 	/usr/lib/system/libxpc.dylib
0x00007ff8108ec000 	/usr/lib/libc++abi.dylib
0x00007ff8107cd000 	/usr/lib/libobjc.A.dylib
0x00007ff81b687000 	/usr/lib/liboah.dylib
0x00007ff810893000 	/usr/lib/libc++.1.dylib
0x00007ff827584000 	/System/Library/Frameworks/Cocoa.framework/Versions/A/Cocoa
0x00007ff8133f5000 	/System/Library/Frameworks/AppKit.framework/Versions/C/AppKit
0x00007ff8168f1000 	/System/Library/Frameworks/CoreData.framework/Versions/A/CoreData
0x00007ff81180c000 	/System/Library/Frameworks/Foundation.framework/Versions/C/Foundation
0x00007ff814287000 	/System/Library/PrivateFrameworks/UIFoundation.framework/Versions/A/UIFoundation
0x00007ff821530000 	/System/Library/PrivateFrameworks/RemoteViewServices.framework/Versions/A/RemoteViewServices
0x00007ff81991b000 	/System/Library/PrivateFrameworks/XCTTargetBootstrap.framework/Versions/A/XCTTargetBootstrap
0x00007ff81d4c9000 	/System/Library/PrivateFrameworks/InternationalSupport.framework/Versions/A/InternationalSupport
0x00007ff81d553000 	/System/Library/PrivateFrameworks/UserActivity.framework/Versions/A/UserActivity
0x00007ff81c8a9000 	/usr/lib/libspindump.dylib
0x00007ff814515000 	/System/Library/Frameworks/UniformTypeIdentifiers.framework/Versions/A/UniformTypeIdentifiers
0x00007ff818054000 	/usr/lib/libapp_launch_measurement.dylib
0x00007ff8172bd000 	/System/Library/PrivateFrameworks/CoreAnalytics.framework/Versions/A/CoreAnalytics
0x00007ff818057000 	/System/Library/PrivateFrameworks/CoreAutoLayout.framework/Versions/A/CoreAutoLayout
0x00007ff819277000 	/System/Library/Frameworks/Metal.framework/Versions/A/Metal
0x00007ff819f91000 	/usr/lib/liblangid.dylib
0x00007ff81991f000 	/System/Library/PrivateFrameworks/CoreSVG.framework/Versions/A/CoreSVG
0x00007ff8158dc000 	/System/Library/PrivateFrameworks/SkyLight.framework/Versions/A/SkyLight
0x00007ff815c72000 	/System/Library/Frameworks/CoreGraphics.framework/Versions/A/CoreGraphics
0x00007ff821b9f000 	/System/Library/Frameworks/Accelerate.framework/Versions/A/Accelerate
0x00007ff81c324000 	/System/Library/PrivateFrameworks/IconServices.framework/Versions/A/IconServices
0x00007ff81925c000 	/System/Library/Frameworks/IOSurface.framework/Versions/A/IOSurface
0x00007ff8172eb000 	/usr/lib/libDiagnosticMessagesClient.dylib
0x00007ff825210000 	/System/Library/Frameworks/ApplicationServices.framework/Versions/A/ApplicationServices
0x00007ff819907000 	/System/Library/PrivateFrameworks/DFRFoundation.framework/Versions/A/DFRFoundation
0x00007ff812ce6000 	/usr/lib/libicucore.A.dylib
0x00007ff81e1ee000 	/System/Library/Frameworks/AudioToolbox.framework/Versions/A/AudioToolbox
0x00007ff81d4d5000 	/System/Library/PrivateFrameworks/DataDetectorsCore.framework/Versions/A/DataDetectorsCore
0x00007ff918e2d000 	/System/Library/PrivateFrameworks/TextInput.framework/Versions/A/TextInput
0x00007ff815860000 	/usr/lib/libMobileGestalt.dylib
0x00007ff81960f000 	/System/Library/Frameworks/Carbon.framework/Versions/A/Frameworks/HIToolbox.framework/Versions/A/HIToolbox
0x00007ff817a81000 	/System/Library/Frameworks/QuartzCore.framework/Versions/A/QuartzCore
0x00007ff812986000 	/System/Library/Frameworks/Security.framework/Versions/A/Security
0x00007ff821568000 	/System/Library/Frameworks/Carbon.framework/Versions/A/Frameworks/SpeechRecognition.framework/Versions/A/SpeechRecognition
0x00007ff817db4000 	/System/Library/PrivateFrameworks/CoreUI.framework/Versions/A/CoreUI
0x00007ff81225e000 	/System/Library/Frameworks/CoreAudio.framework/Versions/A/CoreAudio
0x00007ff8173d9000 	/System/Library/Frameworks/DiskArbitration.framework/Versions/A/DiskArbitration
0x00007ff81cc90000 	/System/Library/PrivateFrameworks/MultitouchSupport.framework/Versions/A/MultitouchSupport
0x00007ff81585f000 	/usr/lib/libenergytrace.dylib
0x00007ff8132e1000 	/System/Library/Frameworks/IOKit.framework/Versions/A/IOKit
0x00007ff821954000 	/System/Library/Frameworks/CoreServices.framework/Versions/A/CoreServices
0x00007ff817fee000 	/System/Library/PrivateFrameworks/PerformanceAnalysis.framework/Versions/A/PerformanceAnalysis
0x00007ffa285fd000 	/System/Library/Frameworks/OpenGL.framework/Versions/A/OpenGL
0x00007ff81ac06000 	/System/Library/PrivateFrameworks/MobileKeyBag.framework/Versions/A/MobileKeyBag
0x00007ff81633e000 	/System/Library/Frameworks/ColorSync.framework/Versions/A/ColorSync
0x00007ff810986000 	/System/Library/Frameworks/CoreFoundation.framework/Versions/A/CoreFoundation
0x00007ff819b98000 	/System/Library/Frameworks/CoreImage.framework/Versions/A/CoreImage
0x00007ff812074000 	/System/Library/Frameworks/CoreText.framework/Versions/A/CoreText
0x00007ff81994e000 	/System/Library/Frameworks/ImageIO.framework/Versions/A/ImageIO
0x00007ff81b6bf000 	/System/Library/PrivateFrameworks/SoftLinking.framework/Versions/A/SoftLinking
0x00007ff81809f000 	/usr/lib/libxml2.2.dylib
0x00007ff81b943000 	/usr/lib/libcompression.dylib
0x00007ff81d3ff000 	/System/Library/PrivateFrameworks/TextureIO.framework/Versions/A/TextureIO
0x00007ff81c036000 	/usr/lib/libate.dylib
0x00007ff81be14000 	/usr/lib/liblzma.5.dylib
0x00007ff81151d000 	/System/Library/Frameworks/SystemConfiguration.framework/Versions/A/SystemConfiguration
0x00007ff81b6bb000 	/usr/lib/libfakelink.dylib
0x00007ff8153b2000 	/System/Library/Frameworks/CFNetwork.framework/Versions/A/CFNetwork
0x00007ff81b7fa000 	/usr/lib/libarchive.2.dylib
0x00007ff819f8d000 	/System/Library/PrivateFrameworks/AppleSystemInfo.framework/Versions/A/AppleSystemInfo
0x00007ff81ad01000 	/usr/lib/libbsm.0.dylib
0x00007ff8149e8000 	/usr/lib/libnetwork.dylib
0x00007ff81b654000 	/usr/lib/system/libkxld.dylib
0x00007ff81a92f000 	/System/Library/PrivateFrameworks/IOMobileFramebuffer.framework/Versions/A/IOMobileFramebuffer
0x00007ffb26422000 	/usr/lib/libCoreEntitlements.dylib
0x00007ff81b36d000 	/System/Library/PrivateFrameworks/AppleFSCompression.framework/Versions/A/AppleFSCompression
0x00007ff81ace9000 	/usr/lib/libcoretls.dylib
0x00007ff81be2e000 	/usr/lib/libcoretls_cfhelpers.dylib
0x00007ff81b93e000 	/usr/lib/libpam.2.dylib
0x00007ff816d26000 	/usr/lib/libsqlite3.dylib
0x00007ff81be9d000 	/usr/lib/libxar.1.dylib
0x00007ff81b37d000 	/usr/lib/libbz2.1.0.dylib
0x00007ff81b6c0000 	/usr/lib/libpcap.A.dylib
0x00007ff8170fb000 	/usr/lib/libdns_services.dylib
0x00007ff81b90d000 	/usr/lib/libapple_nghttp2.dylib
0x00007ff81b6f7000 	/usr/lib/libiconv.2.dylib
0x00007ff81b64d000 	/usr/lib/libcharset.1.dylib
0x00007ff818022000 	/System/Library/Frameworks/CoreServices.framework/Versions/A/Frameworks/FSEvents.framework/Versions/A/FSEvents
0x00007ff812f79000 	/System/Library/Frameworks/CoreServices.framework/Versions/A/Frameworks/CarbonCore.framework/Versions/A/CarbonCore
0x00007ff81733e000 	/System/Library/Frameworks/CoreServices.framework/Versions/A/Frameworks/Metadata.framework/Versions/A/Metadata
0x00007ff81b390000 	/System/Library/Frameworks/CoreServices.framework/Versions/A/Frameworks/OSServices.framework/Versions/A/OSServices
0x00007ff81b881000 	/System/Library/Frameworks/CoreServices.framework/Versions/A/Frameworks/SearchKit.framework/Versions/A/SearchKit
0x00007ff81708d000 	/System/Library/Frameworks/CoreServices.framework/Versions/A/Frameworks/AE.framework/Versions/A/AE
0x00007ff810e89000 	/System/Library/Frameworks/CoreServices.framework/Versions/A/Frameworks/LaunchServices.framework/Versions/A/LaunchServices
0x00007ff81bdc5000 	/System/Library/Frameworks/CoreServices.framework/Versions/A/Frameworks/DictionaryServices.framework/Versions/A/DictionaryServices
0x00007ff81802f000 	/System/Library/Frameworks/CoreServices.framework/Versions/A/Frameworks/SharedFileList.framework/Versions/A/SharedFileList
0x00007ff81acdd000 	/usr/lib/libCheckFix.dylib
0x00007ff8158c3000 	/System/Library/PrivateFrameworks/TCC.framework/Versions/A/TCC
0x00007ff819f93000 	/System/Library/PrivateFrameworks/CoreNLP.framework/Versions/A/CoreNLP
0x00007ff8172ee000 	/System/Library/PrivateFrameworks/MetadataUtilities.framework/Versions/A/MetadataUtilities
0x00007ff8115cd000 	/usr/lib/libmecabra.dylib
0x00007ff81ad11000 	/usr/lib/libmecab.dylib
0x00007ff811598000 	/usr/lib/libCRFSuite.dylib
0x00007ff81ad6e000 	/usr/lib/libgermantok.dylib
0x00007ff81b8e8000 	/usr/lib/libThaiTokenizer.dylib
0x00007ff8173e0000 	/System/Library/Frameworks/Accelerate.framework/Versions/A/Frameworks/vImage.framework/Versions/A/vImage
0x00007ff82192b000 	/System/Library/Frameworks/Accelerate.framework/Versions/A/Frameworks/vecLib.framework/Versions/A/vecLib
0x00007ff81bede000 	/System/Library/Frameworks/Accelerate.framework/Versions/A/Frameworks/vecLib.framework/Versions/A/libvMisc.dylib
0x00007ff81a74d000 	/System/Library/Frameworks/Accelerate.framework/Versions/A/Frameworks/vecLib.framework/Versions/A/libvDSP.dylib
0x00007ff811201000 	/System/Library/Frameworks/Accelerate.framework/Versions/A/Frameworks/vecLib.framework/Versions/A/libBLAS.dylib
0x00007ff81ba1f000 	/System/Library/Frameworks/Accelerate.framework/Versions/A/Frameworks/vecLib.framework/Versions/A/libLAPACK.dylib
0x00007ff81ad71000 	/System/Library/Frameworks/Accelerate.framework/Versions/A/Frameworks/vecLib.framework/Versions/A/libLinearAlgebra.dylib
0x00007ff81b926000 	/System/Library/Frameworks/Accelerate.framework/Versions/A/Frameworks/vecLib.framework/Versions/A/libSparseBLAS.dylib
0x00007ff81ba19000 	/System/Library/Frameworks/Accelerate.framework/Versions/A/Frameworks/vecLib.framework/Versions/A/libQuadrature.dylib
0x00007ff81a07d000 	/System/Library/Frameworks/Accelerate.framework/Versions/A/Frameworks/vecLib.framework/Versions/A/libBNNS.dylib
0x00007ff8114ae000 	/System/Library/Frameworks/Accelerate.framework/Versions/A/Frameworks/vecLib.framework/Versions/A/libSparse.dylib
0x00007ff81a076000 	/System/Library/PrivateFrameworks/LinguisticData.framework/Versions/A/LinguisticData
0x00007ff811463000 	/System/Library/PrivateFrameworks/Lexicon.framework/Versions/A/Lexicon
0x00007ff81bed7000 	/usr/lib/libChineseTokenizer.dylib
0x00007ff811bc7000 	/System/Library/PrivateFrameworks/LanguageModeling.framework/Versions/A/LanguageModeling
0x00007ff81b8ea000 	/System/Library/PrivateFrameworks/AppleSauce.framework/Versions/A/AppleSauce
0x00007ff81a91d000 	/System/Library/PrivateFrameworks/CoreEmoji.framework/Versions/A/CoreEmoji
0x00007ff81b7e9000 	/usr/lib/libcmph.dylib
0x00007ff818006000 	/System/Library/Frameworks/OpenDirectory.framework/Versions/A/Frameworks/CFOpenDirectory.framework/Versions/A/CFOpenDirectory
0x00007ff817ffa000 	/System/Library/Frameworks/OpenDirectory.framework/Versions/A/OpenDirectory
0x00007ff81be30000 	/System/Library/PrivateFrameworks/APFS.framework/Versions/A/APFS
0x00007ff81ac3e000 	/System/Library/Frameworks/SecurityFoundation.framework/Versions/A/SecurityFoundation
0x00007ff81beab000 	/usr/lib/libutil.dylib
0x00007ff8132a4000 	/System/Library/PrivateFrameworks/CoreServicesStore.framework/Versions/A/CoreServicesStore
0x00007ff81beaf000 	/usr/lib/libxslt.1.dylib
0x00007ff81accb000 	/System/Library/PrivateFrameworks/BackgroundTaskManagement.framework/Versions/A/BackgroundTaskManagement
0x00007ff81d31f000 	/System/Library/Frameworks/ImageIO.framework/Versions/A/Resources/libRadiance.dylib
0x00007ff81d328000 	/System/Library/Frameworks/ImageIO.framework/Versions/A/Resources/libJPEG.dylib
0x00007ff81d278000 	/System/Library/Frameworks/ImageIO.framework/Versions/A/Resources/libPng.dylib
0x00007ff81d299000 	/System/Library/Frameworks/ImageIO.framework/Versions/A/Resources/libTIFF.dylib
0x00007ff81d388000 	/System/Library/Frameworks/ImageIO.framework/Versions/A/Resources/libGIF.dylib
0x00007ff81cba9000 	/System/Library/Frameworks/ImageIO.framework/Versions/A/Resources/libJP2.dylib
0x00007ff81c2eb000 	/usr/lib/libexpat.1.dylib
0x00007ff81cb5e000 	/System/Library/PrivateFrameworks/AppleJPEG.framework/Versions/A/AppleJPEG
0x00007ff8194d2000 	/System/Library/PrivateFrameworks/FontServices.framework/libFontParser.dylib
0x00007ff817037000 	/System/Library/PrivateFrameworks/RunningBoardServices.framework/Versions/A/RunningBoardServices
0x00007ff827b00000 	/System/Library/PrivateFrameworks/IOSurfaceAccelerator.framework/Versions/A/IOSurfaceAccelerator
0x00007ff81cc8c000 	/System/Library/PrivateFrameworks/WatchdogClient.framework/Versions/A/WatchdogClient
0x00007ff811cb6000 	/System/Library/Frameworks/CoreDisplay.framework/Versions/A/CoreDisplay
0x00007ff8193d1000 	/System/Library/Frameworks/CoreMedia.framework/Versions/A/CoreMedia
0x00007ff81926e000 	/System/Library/PrivateFrameworks/IOAccelerator.framework/Versions/A/IOAccelerator
0x00007ff818182000 	/System/Library/Frameworks/CoreVideo.framework/Versions/A/CoreVideo
0x00007ff81b93c000 	/System/Library/Frameworks/MetalPerformanceShaders.framework/Versions/A/MetalPerformanceShaders
0x00007ff81ccc7000 	/System/Library/Frameworks/VideoToolbox.framework/Versions/A/VideoToolbox
0x00007ff816f7f000 	/System/Library/PrivateFrameworks/BaseBoard.framework/Versions/A/BaseBoard
0x00007ff816d0c000 	/System/Library/PrivateFrameworks/ProtocolBuffer.framework/Versions/A/ProtocolBuffer
0x00007ff81d318000 	/System/Library/PrivateFrameworks/GPUWrangler.framework/Versions/A/GPUWrangler
0x00007ff81d2fb000 	/System/Library/PrivateFrameworks/IOPresentment.framework/Versions/A/IOPresentment
0x00007ff81d322000 	/System/Library/PrivateFrameworks/DSExternalDisplay.framework/Versions/A/DSExternalDisplay
0x00007ffa285f1000 	/System/Library/Frameworks/OpenGL.framework/Versions/A/Libraries/libCoreFSCache.dylib
0x00007ffb14692000 	/System/Library/PrivateFrameworks/GPUCompiler.framework/Versions/31001/Libraries/libGPUCompilerUtils.dylib
0x00007ff81d38d000 	/System/Library/PrivateFrameworks/CMCaptureCore.framework/Versions/A/CMCaptureCore
0x00007ff81c897000 	/System/Library/PrivateFrameworks/AppServerSupport.framework/Versions/A/AppServerSupport
0x00007ff81ea74000 	/System/Library/PrivateFrameworks/perfdata.framework/Versions/A/perfdata
0x00007ff811de2000 	/System/Library/PrivateFrameworks/AudioToolboxCore.framework/Versions/A/AudioToolboxCore
0x00007ff8193ae000 	/System/Library/PrivateFrameworks/caulk.framework/Versions/A/caulk
0x00007ff81e398000 	/usr/lib/libAudioStatistics.dylib
0x00007ff9156bb000 	/System/Library/PrivateFrameworks/SystemPolicy.framework/Versions/A/SystemPolicy
0x00007ff81e5ed000 	/usr/lib/libSMC.dylib
0x00007ff827437000 	/System/Library/Frameworks/CoreMIDI.framework/Versions/A/CoreMIDI
0x00007ff81d248000 	/usr/lib/libAudioToolboxUtility.dylib
0x00007ff911acd000 	/System/Library/PrivateFrameworks/OSAServicesClient.framework/Versions/A/OSAServicesClient
0x00007ff81ea81000 	/usr/lib/libperfcheck.dylib
0x00007ff91614d000 	/usr/lib/libmis.dylib
0x00007ffa2864d000 	/System/Library/Frameworks/OpenGL.framework/Versions/A/Libraries/libGLU.dylib
0x00007ffa28610000 	/System/Library/Frameworks/OpenGL.framework/Versions/A/Libraries/libGFXShared.dylib
0x00007ffa2881e000 	/System/Library/Frameworks/OpenGL.framework/Versions/A/Libraries/libGL.dylib
0x00007ffa28619000 	/System/Library/Frameworks/OpenGL.framework/Versions/A/Libraries/libGLImage.dylib
0x00007ffa2860d000 	/System/Library/Frameworks/OpenGL.framework/Versions/A/Libraries/libCVMSPluginSupport.dylib
0x00007ffa285f8000 	/System/Library/Frameworks/OpenGL.framework/Versions/A/Libraries/libCoreVMClient.dylib
0x00007ff819f11000 	/System/Library/Frameworks/MetalPerformanceShaders.framework/Versions/A/Frameworks/MPSCore.framework/Versions/A/MPSCore
0x00007ff81b2d8000 	/System/Library/Frameworks/MetalPerformanceShaders.framework/Versions/A/Frameworks/MPSImage.framework/Versions/A/MPSImage
0x00007ff81ad87000 	/System/Library/Frameworks/MetalPerformanceShaders.framework/Versions/A/Frameworks/MPSNeuralNetwork.framework/Versions/A/MPSNeuralNetwork
0x00007ff81b1fc000 	/System/Library/Frameworks/MetalPerformanceShaders.framework/Versions/A/Frameworks/MPSMatrix.framework/Versions/A/MPSMatrix
0x00007ff81afb8000 	/System/Library/Frameworks/MetalPerformanceShaders.framework/Versions/A/Frameworks/MPSRayIntersector.framework/Versions/A/MPSRayIntersector
0x00007ff81b235000 	/System/Library/Frameworks/MetalPerformanceShaders.framework/Versions/A/Frameworks/MPSNDArray.framework/Versions/A/MPSNDArray
0x00007ffa2d212000 	/System/Library/Frameworks/MetalPerformanceShaders.framework/Versions/A/Frameworks/MPSFunctions.framework/Versions/A/MPSFunctions
0x00007ff8110e4000 	/System/Library/PrivateFrameworks/MetalTools.framework/Versions/A/MetalTools
0x00007ff819f8b000 	/System/Library/PrivateFrameworks/AggregateDictionary.framework/Versions/A/AggregateDictionary
0x00007ff81c0cd000 	/usr/lib/libIOReport.dylib
0x00007ffa29c2d000 	/System/Library/Frameworks/OpenCL.framework/Versions/A/OpenCL
0x00007ff81c431000 	/System/Library/PrivateFrameworks/FaceCore.framework/Versions/A/FaceCore
0x00007ff81c422000 	/System/Library/PrivateFrameworks/GraphVisualizer.framework/Versions/A/GraphVisualizer
0x00007ffb1459d000 	/System/Library/PrivateFrameworks/FontServices.framework/Versions/A/FontServices
0x00007ff81c84e000 	/System/Library/PrivateFrameworks/OTSVG.framework/Versions/A/OTSVG
0x00007ff817d6a000 	/System/Library/Frameworks/ApplicationServices.framework/Versions/A/Frameworks/ATS.framework/Versions/A/Resources/libFontRegistry.dylib
0x00007ff81c89f000 	/System/Library/PrivateFrameworks/FontServices.framework/libhvf.dylib
0x00007ffb1459e000 	/System/Library/PrivateFrameworks/FontServices.framework/libXTFontStaticRegistryData.dylib
0x00007ff81c29b000 	/System/Library/PrivateFrameworks/AppleVA.framework/Versions/A/AppleVA
0x00007ff81e3bc000 	/System/Library/Frameworks/ApplicationServices.framework/Versions/A/Frameworks/ATS.framework/Versions/A/ATS
0x00007ff81643a000 	/System/Library/Frameworks/ApplicationServices.framework/Versions/A/Frameworks/HIServices.framework/Versions/A/HIServices
0x00007ff81d397000 	/System/Library/Frameworks/ApplicationServices.framework/Versions/A/Frameworks/PrintCore.framework/Versions/A/PrintCore
0x00007ff81e740000 	/System/Library/Frameworks/ApplicationServices.framework/Versions/A/Frameworks/QD.framework/Versions/A/QD
0x00007ff81e738000 	/System/Library/Frameworks/ApplicationServices.framework/Versions/A/Frameworks/ColorSyncLegacy.framework/Versions/A/ColorSyncLegacy
0x00007ff81e3ac000 	/System/Library/Frameworks/ApplicationServices.framework/Versions/A/Frameworks/SpeechSynthesis.framework/Versions/A/SpeechSynthesis
0x00007ff81d358000 	/System/Library/Frameworks/ApplicationServices.framework/Versions/A/Frameworks/ATSUI.framework/Versions/A/ATSUI
0x00007ff81e6cd000 	/usr/lib/libcups.2.dylib
0x00007ff81ea90000 	/System/Library/Frameworks/Kerberos.framework/Versions/A/Kerberos
0x00007ff81ea9f000 	/System/Library/Frameworks/GSS.framework/Versions/A/GSS
0x00007ff81e428000 	/usr/lib/libresolv.9.dylib
0x00007ff81c8ae000 	/System/Library/PrivateFrameworks/Heimdal.framework/Versions/A/Heimdal
0x00007ff82558d000 	/System/Library/Frameworks/Kerberos.framework/Versions/A/Libraries/libHeimdalProxy.dylib
0x00007ff81710c000 	/System/Library/Frameworks/Network.framework/Versions/A/Network
0x00007ff81c305000 	/usr/lib/libheimdal-asn1.dylib
0x00007ff81eaeb000 	/System/Library/PrivateFrameworks/CommonAuth.framework/Versions/A/CommonAuth
0x00007ff81e329000 	/System/Library/PrivateFrameworks/AudioSession.framework/Versions/A/AudioSession
0x00007ff81c395000 	/System/Library/PrivateFrameworks/MediaExperience.framework/Versions/A/MediaExperience
0x00007ff81e1bd000 	/System/Library/PrivateFrameworks/AudioSession.framework/libSessionUtility.dylib
0x00007ff81e74c000 	/System/Library/PrivateFrameworks/AudioResourceArbitration.framework/Versions/A/AudioResourceArbitration
0x00007ff82273e000 	/System/Library/PrivateFrameworks/PowerLog.framework/Versions/A/PowerLog
0x00007ff81c30e000 	/System/Library/PrivateFrameworks/IconFoundation.framework/Versions/A/IconFoundation
0x00007ff821558000 	/System/Library/PrivateFrameworks/SpeechRecognitionCore.framework/Versions/A/SpeechRecognitionCore
0x000000010d657000 	/Users/mozamilsadat/Library/Java/JavaVirtualMachines/openjdk-17.0.2/Contents/Home/lib/server/libjvm.dylib
0x000000010c645000 	/Users/mozamilsadat/Library/Java/JavaVirtualMachines/openjdk-17.0.2/Contents/Home/lib/libjimage.dylib
0x000000010c668000 	/Users/mozamilsadat/Library/Java/JavaVirtualMachines/openjdk-17.0.2/Contents/Home/lib/libinstrument.dylib
0x000000010c6aa000 	/Users/mozamilsadat/Library/Java/JavaVirtualMachines/openjdk-17.0.2/Contents/Home/lib/libjava.dylib
0x000000010d535000 	/Users/mozamilsadat/Library/Java/JavaVirtualMachines/openjdk-17.0.2/Contents/Home/lib/libnio.dylib
0x000000010d551000 	/Users/mozamilsadat/Library/Java/JavaVirtualMachines/openjdk-17.0.2/Contents/Home/lib/libnet.dylib
0x000000010d571000 	/Users/mozamilsadat/Library/Java/JavaVirtualMachines/openjdk-17.0.2/Contents/Home/lib/libzip.dylib
0x000000010d585000 	/Users/mozamilsadat/.openjfx/cache/17.0.1/libprism_es2.dylib
0x00007ff813265000 	/System/Library/PrivateFrameworks/CoreServicesInternal.framework/Versions/A/CoreServicesInternal
0x00007ffa28829000 	/System/Library/Frameworks/OpenGL.framework/Versions/A/Resources/GLEngine.bundle/GLEngine
0x00007ffa2868b000 	/System/Library/Frameworks/OpenGL.framework/Versions/A/Libraries/libGLProgrammability.dylib
0x00007ffa1ca51000 	/System/Library/Extensions/AppleIntelKBLGraphicsGLDriver.bundle/Contents/MacOS/AppleIntelKBLGraphicsGLDriver
0x00007ff920031000 	/System/Library/PrivateFrameworks/GPUSupport.framework/Versions/A/Libraries/libGPUSupportMercury.dylib
0x00007ffa289b8000 	/System/Library/Frameworks/OpenGL.framework/Versions/A/Resources/GLRendererFloat.bundle/GLRendererFloat
0x000000010f321000 	/Users/mozamilsadat/.openjfx/cache/17.0.1/libglass.dylib
0x00007ff822d2f000 	/System/Library/Frameworks/FileProvider.framework/Versions/A/FileProvider
0x00007ff816eeb000 	/System/Library/Frameworks/Accounts.framework/Versions/A/Accounts
0x00007ff822ea7000 	/System/Library/PrivateFrameworks/GenerationalStorage.framework/Versions/A/GenerationalStorage
0x00007ff8239b9000 	/System/Library/PrivateFrameworks/CoreSymbolication.framework/Versions/A/CoreSymbolication
0x00007ff822733000 	/System/Library/PrivateFrameworks/SymptomDiagnosticReporter.framework/Versions/A/SymptomDiagnosticReporter
0x00007ff814529000 	/System/Library/PrivateFrameworks/DesktopServicesPriv.framework/Versions/A/DesktopServicesPriv
0x00007ff8133a6000 	/usr/lib/libsandbox.1.dylib
0x00007ff818201000 	/System/Library/PrivateFrameworks/UserManagement.framework/Versions/A/UserManagement
0x00007ff82397e000 	/System/Library/PrivateFrameworks/DebugSymbols.framework/Versions/A/DebugSymbols
0x00007ff81e72d000 	/System/Library/PrivateFrameworks/NetAuth.framework/Versions/A/NetAuth
0x00007ff81f61c000 	/System/Library/PrivateFrameworks/Sharing.framework/Versions/A/Sharing
0x00007ff8181d4000 	/System/Library/PrivateFrameworks/login.framework/Versions/A/Frameworks/loginsupport.framework/Versions/A/loginsupport
0x00007ff824abf000 	/System/Library/PrivateFrameworks/Apple80211.framework/Versions/A/Apple80211
0x00007ff81b3bd000 	/System/Library/PrivateFrameworks/AuthKit.framework/Versions/A/AuthKit
0x00007ff81aa13000 	/System/Library/PrivateFrameworks/CoreUtils.framework/Versions/A/CoreUtils
0x00007ff81a93a000 	/System/Library/Frameworks/CoreWLAN.framework/Versions/A/CoreWLAN
0x00007ff81f777000 	/System/Library/Frameworks/IOBluetooth.framework/Versions/A/IOBluetooth
0x00007ff824b27000 	/System/Library/PrivateFrameworks/CoreWiFi.framework/Versions/A/CoreWiFi
0x00007ff823553000 	/System/Library/PrivateFrameworks/FrontBoardServices.framework/Versions/A/FrontBoardServices
0x00007ff8235e5000 	/System/Library/PrivateFrameworks/BoardServices.framework/Versions/A/BoardServices
0x00007ff81ac2d000 	/System/Library/PrivateFrameworks/AssertionServices.framework/Versions/A/AssertionServices
0x00007ff824cab000 	/System/Library/PrivateFrameworks/BackBoardServices.framework/Versions/A/BackBoardServices
0x00007ff81eb7a000 	/System/Library/PrivateFrameworks/CorePhoneNumbers.framework/Versions/A/CorePhoneNumbers
0x00007ff822850000 	/System/Library/PrivateFrameworks/DiskManagement.framework/Versions/A/DiskManagement
0x00007ff822764000 	/System/Library/PrivateFrameworks/AppleIDAuthSupport.framework/Versions/A/AppleIDAuthSupport
0x00007ffa2f1cb000 	/System/Library/PrivateFrameworks/AAAFoundation.framework/Versions/A/AAAFoundation
0x00007ff81eb5b000 	/System/Library/PrivateFrameworks/KeychainCircle.framework/Versions/A/KeychainCircle
0x00007ff82281c000 	/System/Library/PrivateFrameworks/MediaKit.framework/Versions/A/MediaKit
0x00007ff822770000 	/System/Library/Frameworks/DiscRecording.framework/Versions/A/DiscRecording
0x00007ff81c213000 	/usr/lib/libCoreStorage.dylib
0x00007ff824f9a000 	/usr/lib/libcsfde.dylib
0x00007ff81f844000 	/System/Library/PrivateFrameworks/ProtectedCloudStorage.framework/Versions/A/ProtectedCloudStorage
0x00007ff824f96000 	/System/Library/PrivateFrameworks/EFILogin.framework/Versions/A/EFILogin
0x00007ff822ecd000 	/System/Library/PrivateFrameworks/OctagonTrust.framework/Versions/A/OctagonTrust
0x00007ffb138bf000 	/System/Library/PrivateFrameworks/CoreUtilsExtras.framework/Versions/A/CoreUtilsExtras
0x00007ff8226a6000 	/System/Library/Frameworks/CoreBluetooth.framework/Versions/A/CoreBluetooth
0x00007ff825612000 	/System/Library/Frameworks/AudioUnit.framework/Versions/A/AudioUnit
0x00007ff81c20b000 	/usr/lib/libMatch.1.dylib
0x00007ff91a5b1000 	/System/Library/Frameworks/Accelerate.framework/Versions/A/Frameworks/vImage.framework/Versions/A/Libraries/libCGInterfaces.dylib
0x000000010f54d000 	/usr/lib/libobjc-trampolines.dylib
0x00007ff817efa000 	/System/Library/PrivateFrameworks/ViewBridge.framework/Versions/A/ViewBridge


VM Arguments:
jvm_args: -javaagent:/Applications/IntelliJ IDEA CE.app/Contents/lib/idea_rt.jar=59811:/Applications/IntelliJ IDEA CE.app/Contents/bin -Dfile.encoding=UTF-8 --module-path=/Users/mozamilsadat/.m2/repository/org/openjfx/javafx-fxml/17.0.1/javafx-fxml-17.0.1-mac.jar:/Users/mozamilsadat/Documents/Sayed Subhan Shah Sadat/target/classes:/Users/mozamilsadat/.m2/repository/org/openjfx/javafx-graphics/17.0.1/javafx-graphics-17.0.1-mac.jar:/Users/mozamilsadat/.m2/repository/org/controlsfx/controlsfx/11.1.0/controlsfx-11.1.0.jar:/Users/mozamilsadat/.m2/repository/net/synedra/validatorfx/0.1.13/validatorfx-0.1.13.jar:/Users/mozamilsadat/.m2/repository/org/openjfx/javafx-base/17.0.1/javafx-base-17.0.1-mac.jar:/Users/mozamilsadat/.m2/repository/org/kordamp/bootstrapfx/bootstrapfx-core/0.4.0/bootstrapfx-core-0.4.0.jar:/Users/mozamilsadat/.m2/repository/org/openjfx/javafx-controls/17.0.1/javafx-controls-17.0.1-mac.jar -Djdk.module.main=com.example.calculator 
java_command: com.example.calculator/com.example.calculator.HelloApplication
java_class_path (initial): /Users/mozamilsadat/.m2/repository/org/openjfx/javafx-controls/17.0.1/javafx-controls-17.0.1.jar:/Users/mozamilsadat/.m2/repository/org/openjfx/javafx-graphics/17.0.1/javafx-graphics-17.0.1.jar:/Users/mozamilsadat/.m2/repository/org/openjfx/javafx-base/17.0.1/javafx-base-17.0.1.jar:/Users/mozamilsadat/.m2/repository/org/openjfx/javafx-fxml/17.0.1/javafx-fxml-17.0.1.jar
Launcher Type: SUN_STANDARD

[Global flags]
     intx CICompilerCount                          = 3                                         {product} {ergonomic}
     uint ConcGCThreads                            = 1                                         {product} {ergonomic}
     uint G1ConcRefinementThreads                  = 4                                         {product} {ergonomic}
   size_t G1HeapRegionSize                         = 1048576                                   {product} {ergonomic}
    uintx GCDrainStackTargetSize                   = 64                                        {product} {ergonomic}
   size_t InitialHeapSize                          = 134217728                                 {product} {ergonomic}
   size_t MarkStackSize                            = 4194304                                   {product} {ergonomic}
   size_t MaxHeapSize                              = 2147483648                                {product} {ergonomic}
   size_t MaxNewSize                               = 1287651328                                {product} {ergonomic}
   size_t MinHeapDeltaBytes                        = 1048576                                   {product} {ergonomic}
   size_t MinHeapSize                              = 8388608                                   {product} {ergonomic}
    uintx NonNMethodCodeHeapSize                   = 5832780                                {pd product} {ergonomic}
    uintx NonProfiledCodeHeapSize                  = 122912730                              {pd product} {ergonomic}
    uintx ProfiledCodeHeapSize                     = 122912730                              {pd product} {ergonomic}
    uintx ReservedCodeCacheSize                    = 251658240                              {pd product} {ergonomic}
     bool SegmentedCodeCache                       = true                                      {product} {ergonomic}
   size_t SoftMaxHeapSize                          = 2147483648                             {manageable} {ergonomic}
     bool UseCompressedClassPointers               = true                           {product lp64_product} {ergonomic}
     bool UseCompressedOops                        = true                           {product lp64_product} {ergonomic}
     bool UseG1GC                                  = true                                      {product} {ergonomic}
     bool UseNUMA                                  = false                                     {product} {ergonomic}
     bool UseNUMAInterleaving                      = false                                     {product} {ergonomic}

Logging:
Log output configuration:
 #0: stdout all=warning uptime,level,tags
 #1: stderr all=off uptime,level,tags

Environment Variables:
PATH=/usr/local/bin:/usr/bin:/bin:/usr/sbin:/sbin:/Applications/VMware Fusion.app/Contents/Public:/usr/local/share/dotnet:~/.dotnet/tools:/Library/Frameworks/Mono.framework/Versions/Current/Commands
SHELL=/bin/zsh
LC_CTYPE=en_US.UTF-8

Signal Handlers:
   SIGSEGV: _ZL13crash_handleriP9__siginfoPv in libjvm.dylib, mask=11100110000111110111111111111111, flags=SA_RESTART|SA_SIGINFO
    SIGBUS: _ZL13crash_handleriP9__siginfoPv in libjvm.dylib, mask=11100110000111110111111111111111, flags=SA_RESTART|SA_SIGINFO
    SIGFPE: _ZL13crash_handleriP9__siginfoPv in libjvm.dylib, mask=11100110000111110111111111111111, flags=SA_RESTART|SA_SIGINFO
   SIGPIPE: _ZL17javaSignalHandleriP9__siginfoPv in libjvm.dylib, mask=11100110000111110111111111111111, flags=SA_RESTART|SA_SIGINFO
   SIGXFSZ: _ZL17javaSignalHandleriP9__siginfoPv in libjvm.dylib, mask=11100110000111110111111111111111, flags=SA_RESTART|SA_SIGINFO
    SIGILL: _ZL13crash_handleriP9__siginfoPv in libjvm.dylib, mask=11100110000111110111111111111111, flags=SA_RESTART|SA_SIGINFO
   SIGUSR2: _ZL10SR_handleriP9__siginfoP17__darwin_ucontext in libjvm.dylib, mask=00100000000000000000000000000000, flags=SA_RESTART|SA_SIGINFO
    SIGHUP: _ZL11UserHandleriPvS_ in libjvm.dylib, mask=11100110000111110111111111111111, flags=SA_RESTART|SA_SIGINFO
    SIGINT: _ZL11UserHandleriPvS_ in libjvm.dylib, mask=11100110000111110111111111111111, flags=SA_RESTART|SA_SIGINFO
   SIGTERM: _ZL11UserHandleriPvS_ in libjvm.dylib, mask=11100110000111110111111111111111, flags=SA_RESTART|SA_SIGINFO
   SIGQUIT: _ZL11UserHandleriPvS_ in libjvm.dylib, mask=11100110000111110111111111111111, flags=SA_RESTART|SA_SIGINFO
   SIGTRAP: _ZL13crash_handleriP9__siginfoPv in libjvm.dylib, mask=11100110000111110111111111111111, flags=SA_RESTART|SA_SIGINFO


---------------  S Y S T E M  ---------------

OS:
uname: Darwin 21.3.0 Darwin Kernel Version 21.3.0: Wed Jan  5 21:37:58 PST 2022; root:xnu-8019.80.24~20/RELEASE_X86_64 x86_64
OS uptime: 13 days 11:21 hours
rlimit (soft/hard): STACK 8192k/65532k , CORE 0k/infinity , NPROC 1392/2088 , NOFILE 10240/infinity , AS infinity/infinity , CPU infinity/infinity , DATA infinity/infinity , FSIZE infinity/infinity , MEMLOCK infinity/infinity , RSS infinity/infinity
load average: 30.60 11.91 7.99

CPU: total 4 (initial active 4) (2 cores per cpu, 2 threads per core) family 6 model 142 stepping 9 microcode 0xec, cx8, cmov, fxsr, ht, mmx, 3dnowpref, sse, sse2, sse3, ssse3, sse4.1, sse4.2, popcnt, lzcnt, tsc, tscinvbit, avx, avx2, aes, erms, clmul, bmi1, bmi2, adx, fma, vzeroupper, clflush, clflushopt

Memory: 4k page, physical 8388608k(18096k free), swap 2097152k(877056k free)

vm_info: OpenJDK 64-Bit Server VM (17.0.2+8-86) for bsd-amd64 JRE (17.0.2+8-86), built on Dec  7 2021 21:47:33 by "mach5one" with clang Apple LLVM 12.0.0 (clang-1200.0.32.29)

END.
